[2020-06-08 01:55:19.567] [renderer1] [error] An unknown error occurred. Please consult the log for more details.
[2020-06-08 02:19:04.854] [renderer1] [error] An unknown error occurred. Please consult the log for more details.
[2020-06-08 02:31:43.623] [renderer1] [error] An unknown error occurred. Please consult the log for more details.
[2020-06-08 02:43:56.888] [renderer1] [error] An unknown error occurred. Please consult the log for more details.
[2020-06-08 02:47:57.020] [renderer1] [error] An unknown error occurred. Please consult the log for more details.
[2020-06-08 09:04:20.466] [renderer1] [error] An unknown error occurred. Please consult the log for more details.
[2020-06-08 10:55:08.143] [renderer1] [error] Cannot read property 'element' of undefined: TypeError: Cannot read property 'element' of undefined
    at e.element (file:///usr/share/code/resources/app/out/vs/workbench/workbench.main.js:383:327)
    at file:///usr/share/code/resources/app/out/vs/workbench/workbench.main.js:410:523
    at Array.map (native)
    at e.open (file:///usr/share/code/resources/app/out/vs/workbench/workbench.main.js:410:493)
    at e.onMouseDown (file:///usr/share/code/resources/app/out/vs/workbench/workbench.main.js:400:356)
    at file:///usr/share/code/resources/app/out/vs/workbench/workbench.main.js:159:849
    at file:///usr/share/code/resources/app/out/vs/workbench/workbench.main.js:159:622
    at e.fire (file:///usr/share/code/resources/app/out/vs/workbench/workbench.main.js:161:76)
    at HTMLDivElement.r (file:///usr/share/code/resources/app/out/vs/workbench/workbench.main.js:169:105)
[2020-06-08 10:55:22.021] [renderer1] [error] An unknown error occurred. Please consult the log for more details.
[2020-06-08 10:55:59.861] [renderer1] [error] An unknown error occurred. Please consult the log for more details.
[2020-06-08 11:25:23.370] [renderer1] [error] Cannot read property 'element' of undefined: TypeError: Cannot read property 'element' of undefined
    at e.element (file:///usr/share/code/resources/app/out/vs/workbench/workbench.main.js:383:327)
    at file:///usr/share/code/resources/app/out/vs/workbench/workbench.main.js:410:523
    at Array.map (native)
    at e.open (file:///usr/share/code/resources/app/out/vs/workbench/workbench.main.js:410:493)
    at e.onMouseDown (file:///usr/share/code/resources/app/out/vs/workbench/workbench.main.js:400:356)
    at file:///usr/share/code/resources/app/out/vs/workbench/workbench.main.js:159:849
    at file:///usr/share/code/resources/app/out/vs/workbench/workbench.main.js:159:622
    at e.fire (file:///usr/share/code/resources/app/out/vs/workbench/workbench.main.js:161:76)
    at HTMLDivElement.r (file:///usr/share/code/resources/app/out/vs/workbench/workbench.main.js:169:105)
[2020-06-08 11:29:29.606] [renderer1] [error] An unknown error occurred. Please consult the log for more details.
[2020-06-08 11:30:21.787] [renderer1] [error] An unknown error occurred. Please consult the log for more details.
[2020-06-08 12:41:59.335] [renderer1] [error] An unknown error occurred. Please consult the log for more details.
[2020-06-08 12:43:08.019] [renderer1] [error] An unknown error occurred. Please consult the log for more details.
[2020-06-08 13:10:23.271] [renderer1] [error] An unknown error occurred. Please consult the log for more details.
[2020-06-08 14:05:14.271] [renderer1] [error] An unknown error occurred. Please consult the log for more details.
