Looking for git in: git
Using git 2.16.1 from git
git rev-parse --show-toplevel
git config --get commit.template
git status -z -u
git symbolic-ref --short HEAD
git rev-parse master
git rev-parse --symbolic-full-name --abbrev-ref master@{u}
fatal: no upstream configured for branch 'master'

git for-each-ref --format %(refname) %(objectname) --sort -committerdate
git remote --verbose
git check-ignore -z --stdin
git check-ignore -z --stdin
git check-ignore -z --stdin
git check-ignore -z --stdin
git show :src/app/libraries/libraries.component.html
git show :src/app/libraries/libraries.component.ts
git show :src/app/libraries/libraries.component.html
git status -z -u
git symbolic-ref --short HEAD
git rev-parse master
git rev-parse --symbolic-full-name --abbrev-ref master@{u}
fatal: no upstream configured for branch 'master'

git for-each-ref --format %(refname) %(objectname) --sort -committerdate
git remote --verbose
git show :src/app/libraries/libraries.component.ts
git status -z -u
git symbolic-ref --short HEAD
git rev-parse master
git rev-parse --symbolic-full-name --abbrev-ref master@{u}
fatal: no upstream configured for branch 'master'

git for-each-ref --format %(refname) %(objectname) --sort -committerdate
git remote --verbose
git status -z -u
git symbolic-ref --short HEAD
git rev-parse master
git rev-parse --symbolic-full-name --abbrev-ref master@{u}
fatal: no upstream configured for branch 'master'

git for-each-ref --format %(refname) %(objectname) --sort -committerdate
git remote --verbose
git show :src/app/app-routing.module.ts
git status -z -u
git symbolic-ref --short HEAD
git rev-parse master
git rev-parse --symbolic-full-name --abbrev-ref master@{u}
fatal: no upstream configured for branch 'master'

git for-each-ref --format %(refname) %(objectname) --sort -committerdate
git remote --verbose
git show :package.json
git check-ignore -z --stdin
git show :README.md
Looking for git in: git
Using git 2.16.1 from git
git rev-parse --show-toplevel
git config --get commit.template
git status -z -u
git rev-parse --show-toplevel
git symbolic-ref --short HEAD
fatal: Not a git repository (or any parent up to mount point /)
Stopping at filesystem boundary (GIT_DISCOVERY_ACROSS_FILESYSTEM not set).

git rev-parse --show-toplevel
git rev-parse --show-toplevel
git rev-parse --show-toplevel
git rev-parse --show-toplevel
fatal: Not a git repository (or any parent up to mount point /)
Stopping at filesystem boundary (GIT_DISCOVERY_ACROSS_FILESYSTEM not set).

git rev-parse --show-toplevel
git rev-parse --show-toplevel
git rev-parse --show-toplevel
git rev-parse --show-toplevel
git rev-parse master
fatal: Not a git repository (or any parent up to mount point /)
Stopping at filesystem boundary (GIT_DISCOVERY_ACROSS_FILESYSTEM not set).

git rev-parse --show-toplevel
git rev-parse --show-toplevel
git rev-parse --show-toplevel
git rev-parse --show-toplevel
git rev-parse --symbolic-full-name --abbrev-ref master@{u}
fatal: no upstream configured for branch 'master'

git for-each-ref --format %(refname) %(objectname) --sort -committerdate
git remote --verbose
git check-ignore -z --stdin
git check-ignore -z --stdin
git check-ignore -z --stdin
git check-ignore -z --stdin
git check-ignore -z --stdin
git show :src/app/libraries/libraries.component.ts
git show :src/app/libraries/libraries.component.html
git rev-parse --show-toplevel
fatal: Not a git repository (or any parent up to mount point /)
Stopping at filesystem boundary (GIT_DISCOVERY_ACROSS_FILESYSTEM not set).

git rev-parse --show-toplevel
fatal: Not a git repository (or any parent up to mount point /)
Stopping at filesystem boundary (GIT_DISCOVERY_ACROSS_FILESYSTEM not set).

git show :src/app/app-routing.module.ts
git show :src/app/libraries/libraries.component.ts
git show :src/app/app-routing.module.ts
git show :src/app/libraries/libraries.component.ts
git show :src/app/app-routing.module.ts
git show :src/app/libraries/libraries.component.ts
git show :src/app/app-routing.module.ts
git status -z -u
git symbolic-ref --short HEAD
git rev-parse master
git rev-parse --symbolic-full-name --abbrev-ref master@{u}
fatal: no upstream configured for branch 'master'

git for-each-ref --format %(refname) %(objectname) --sort -committerdate
git remote --verbose
git show :src/app/libraries/libraries.component.ts
git show :src/app/app-routing.module.ts
git show :src/app/libraries/libraries.component.ts
git show :src/app/app-routing.module.ts
git status -z -u
git symbolic-ref --short HEAD
git rev-parse master
git rev-parse --symbolic-full-name --abbrev-ref master@{u}
fatal: no upstream configured for branch 'master'

git for-each-ref --format %(refname) %(objectname) --sort -committerdate
git remote --verbose
git check-ignore -z --stdin
git status -z -u
git symbolic-ref --short HEAD
git rev-parse master
git rev-parse --symbolic-full-name --abbrev-ref master@{u}
fatal: no upstream configured for branch 'master'

git for-each-ref --format %(refname) %(objectname) --sort -committerdate
git remote --verbose
git check-ignore -z --stdin
git show :src/app/service/libraryservice.service.ts
git show :src/app/app.component.html
git show :src/app/service/libraryservice.service.ts
git show :src/app/service/libraryservice.service.spec.ts
git status -z -u
git symbolic-ref --short HEAD
git rev-parse master
git rev-parse --symbolic-full-name --abbrev-ref master@{u}
fatal: no upstream configured for branch 'master'

git for-each-ref --format %(refname) %(objectname) --sort -committerdate
git remote --verbose
git show :src/app/service/libraryservice.service.ts
git status -z -u
git symbolic-ref --short HEAD
git rev-parse master
git rev-parse --symbolic-full-name --abbrev-ref master@{u}
fatal: no upstream configured for branch 'master'

git for-each-ref --format %(refname) %(objectname) --sort -committerdate
git remote --verbose
git rev-parse --show-toplevel
fatal: Not a git repository (or any parent up to mount point /)
Stopping at filesystem boundary (GIT_DISCOVERY_ACROSS_FILESYSTEM not set).

git rev-parse --show-toplevel
fatal: Not a git repository (or any parent up to mount point /)
Stopping at filesystem boundary (GIT_DISCOVERY_ACROSS_FILESYSTEM not set).

git rev-parse --show-toplevel
fatal: Not a git repository (or any parent up to mount point /)
Stopping at filesystem boundary (GIT_DISCOVERY_ACROSS_FILESYSTEM not set).

git show :src/app/service/libraryservice.service.ts
git rev-parse --show-toplevel
fatal: Not a git repository (or any parent up to mount point /)
Stopping at filesystem boundary (GIT_DISCOVERY_ACROSS_FILESYSTEM not set).

git show :src/app/service/libraryservice.service.ts
git rev-parse --show-toplevel
fatal: Not a git repository (or any parent up to mount point /)
Stopping at filesystem boundary (GIT_DISCOVERY_ACROSS_FILESYSTEM not set).

git show :src/app/service/libraryservice.service.ts
git rev-parse --show-toplevel
fatal: Not a git repository (or any parent up to mount point /)
Stopping at filesystem boundary (GIT_DISCOVERY_ACROSS_FILESYSTEM not set).

git show :src/app/service/libraryservice.service.ts
git rev-parse --show-toplevel
fatal: Not a git repository (or any parent up to mount point /)
Stopping at filesystem boundary (GIT_DISCOVERY_ACROSS_FILESYSTEM not set).

git show :src/app/service/libraryservice.service.ts
git status -z -u
git symbolic-ref --short HEAD
git rev-parse master
git rev-parse --symbolic-full-name --abbrev-ref master@{u}
fatal: no upstream configured for branch 'master'

git for-each-ref --format %(refname) %(objectname) --sort -committerdate
git remote --verbose
git rev-parse --show-toplevel
fatal: Not a git repository (or any parent up to mount point /)
Stopping at filesystem boundary (GIT_DISCOVERY_ACROSS_FILESYSTEM not set).

git rev-parse --show-toplevel
fatal: Not a git repository (or any parent up to mount point /)
Stopping at filesystem boundary (GIT_DISCOVERY_ACROSS_FILESYSTEM not set).

git show :src/app/service/libraryservice.service.ts
git show :src/app/libraries/libraries.component.ts
git show :src/app/libraries/libraries.component.html
git status -z -u
git symbolic-ref --short HEAD
git rev-parse master
git rev-parse --symbolic-full-name --abbrev-ref master@{u}
fatal: no upstream configured for branch 'master'

git for-each-ref --format %(refname) %(objectname) --sort -committerdate
git remote --verbose
git show :src/app/libraries/libraries.component.ts
git status -z -u
git symbolic-ref --short HEAD
git rev-parse master
git rev-parse --symbolic-full-name --abbrev-ref master@{u}
fatal: no upstream configured for branch 'master'

git for-each-ref --format %(refname) %(objectname) --sort -committerdate
git remote --verbose
git rev-parse --show-toplevel
fatal: Not a git repository (or any parent up to mount point /)
Stopping at filesystem boundary (GIT_DISCOVERY_ACROSS_FILESYSTEM not set).

git rev-parse --show-toplevel
fatal: Not a git repository (or any parent up to mount point /)
Stopping at filesystem boundary (GIT_DISCOVERY_ACROSS_FILESYSTEM not set).

git rev-parse --show-toplevel
fatal: Not a git repository (or any parent up to mount point /)
Stopping at filesystem boundary (GIT_DISCOVERY_ACROSS_FILESYSTEM not set).

git show :src/app/libraries/libraries.component.html
git show :src/app/libraries/libraries.component.ts
git rev-parse --show-toplevel
fatal: Not a git repository (or any parent up to mount point /)
Stopping at filesystem boundary (GIT_DISCOVERY_ACROSS_FILESYSTEM not set).

git rev-parse --show-toplevel
fatal: Not a git repository (or any parent up to mount point /)
Stopping at filesystem boundary (GIT_DISCOVERY_ACROSS_FILESYSTEM not set).

git show :src/app/libraries/libraries.component.ts
git rev-parse --show-toplevel
fatal: Not a git repository (or any parent up to mount point /)
Stopping at filesystem boundary (GIT_DISCOVERY_ACROSS_FILESYSTEM not set).

git rev-parse --show-toplevel
fatal: Not a git repository (or any parent up to mount point /)
Stopping at filesystem boundary (GIT_DISCOVERY_ACROSS_FILESYSTEM not set).

git rev-parse --show-toplevel
fatal: Not a git repository (or any parent up to mount point /)
Stopping at filesystem boundary (GIT_DISCOVERY_ACROSS_FILESYSTEM not set).

git rev-parse --show-toplevel
fatal: Not a git repository (or any parent up to mount point /)
Stopping at filesystem boundary (GIT_DISCOVERY_ACROSS_FILESYSTEM not set).

git show :src/app/libraries/libraries.component.html
git show :src/app/libraries/libraries.component.ts
git show :src/app/libraries/libraries.component.html
git status -z -u
git symbolic-ref --short HEAD
git rev-parse master
git rev-parse --symbolic-full-name --abbrev-ref master@{u}
fatal: no upstream configured for branch 'master'

git for-each-ref --format %(refname) %(objectname) --sort -committerdate
git remote --verbose
git show :src/app/libraries/libraries.component.ts
git show :src/app/libraries/libraries.component.html
git status -z -u
git symbolic-ref --short HEAD
git rev-parse master
git rev-parse --symbolic-full-name --abbrev-ref master@{u}
fatal: no upstream configured for branch 'master'

git for-each-ref --format %(refname) %(objectname) --sort -committerdate
git remote --verbose
git status -z -u
git symbolic-ref --short HEAD
git rev-parse master
git rev-parse --symbolic-full-name --abbrev-ref master@{u}
fatal: no upstream configured for branch 'master'

git for-each-ref --format %(refname) %(objectname) --sort -committerdate
git remote --verbose
git show :src/app/libraries/libraries.component.ts
git status -z -u
git symbolic-ref --short HEAD
git rev-parse master
git rev-parse --symbolic-full-name --abbrev-ref master@{u}
fatal: no upstream configured for branch 'master'

git for-each-ref --format %(refname) %(objectname) --sort -committerdate
git remote --verbose
git show :src/app/service/libraryservice.service.ts
git rev-parse --show-toplevel
fatal: Not a git repository (or any parent up to mount point /)
Stopping at filesystem boundary (GIT_DISCOVERY_ACROSS_FILESYSTEM not set).

git show :src/app/service/libraryservice.service.ts
git rev-parse --show-toplevel
fatal: Not a git repository (or any parent up to mount point /)
Stopping at filesystem boundary (GIT_DISCOVERY_ACROSS_FILESYSTEM not set).

git rev-parse --show-toplevel
fatal: Not a git repository (or any parent up to mount point /)
Stopping at filesystem boundary (GIT_DISCOVERY_ACROSS_FILESYSTEM not set).

git rev-parse --show-toplevel
fatal: Not a git repository (or any parent up to mount point /)
Stopping at filesystem boundary (GIT_DISCOVERY_ACROSS_FILESYSTEM not set).

git show :src/app/service/libraryservice.service.ts
git rev-parse --show-toplevel
fatal: Not a git repository (or any parent up to mount point /)
Stopping at filesystem boundary (GIT_DISCOVERY_ACROSS_FILESYSTEM not set).

git rev-parse --show-toplevel
fatal: Not a git repository (or any parent up to mount point /)
Stopping at filesystem boundary (GIT_DISCOVERY_ACROSS_FILESYSTEM not set).

git rev-parse --show-toplevel
fatal: Not a git repository (or any parent up to mount point /)
Stopping at filesystem boundary (GIT_DISCOVERY_ACROSS_FILESYSTEM not set).

git show :src/app/service/libraryservice.service.ts
git rev-parse --show-toplevel
fatal: Not a git repository (or any parent up to mount point /)
Stopping at filesystem boundary (GIT_DISCOVERY_ACROSS_FILESYSTEM not set).

git show :src/app/service/libraryservice.service.ts
git show :src/app/libraries/libraries.component.ts
git status -z -u
git symbolic-ref --short HEAD
git rev-parse master
git rev-parse --symbolic-full-name --abbrev-ref master@{u}
fatal: no upstream configured for branch 'master'

git for-each-ref --format %(refname) %(objectname) --sort -committerdate
git remote --verbose
git show :src/app/service/libraryservice.service.ts
git status -z -u
git symbolic-ref --short HEAD
git rev-parse master
git rev-parse --symbolic-full-name --abbrev-ref master@{u}
fatal: no upstream configured for branch 'master'

git for-each-ref --format %(refname) %(objectname) --sort -committerdate
git remote --verbose
git status -z -u
git symbolic-ref --short HEAD
git rev-parse master
git rev-parse --symbolic-full-name --abbrev-ref master@{u}
fatal: no upstream configured for branch 'master'

git for-each-ref --format %(refname) %(objectname) --sort -committerdate
git remote --verbose
git rev-parse --show-toplevel
fatal: Not a git repository (or any parent up to mount point /)
Stopping at filesystem boundary (GIT_DISCOVERY_ACROSS_FILESYSTEM not set).

git rev-parse --show-toplevel
fatal: Not a git repository (or any parent up to mount point /)
Stopping at filesystem boundary (GIT_DISCOVERY_ACROSS_FILESYSTEM not set).

git show :src/app/service/message.service.ts
git check-ignore -z --stdin
git status -z -u
git symbolic-ref --short HEAD
git rev-parse master
git rev-parse --symbolic-full-name --abbrev-ref master@{u}
fatal: no upstream configured for branch 'master'

git for-each-ref --format %(refname) %(objectname) --sort -committerdate
git remote --verbose
git show :src/app/service/libraryservice.service.ts
git rev-parse --show-toplevel
fatal: Not a git repository (or any parent up to mount point /)
Stopping at filesystem boundary (GIT_DISCOVERY_ACROSS_FILESYSTEM not set).

git rev-parse --show-toplevel
fatal: Not a git repository (or any parent up to mount point /)
Stopping at filesystem boundary (GIT_DISCOVERY_ACROSS_FILESYSTEM not set).

git show :src/app/service/libraryservice.service.ts
git rev-parse --show-toplevel
fatal: Not a git repository (or any parent up to mount point /)
Stopping at filesystem boundary (GIT_DISCOVERY_ACROSS_FILESYSTEM not set).

git rev-parse --show-toplevel
fatal: Not a git repository (or any parent up to mount point /)
Stopping at filesystem boundary (GIT_DISCOVERY_ACROSS_FILESYSTEM not set).

git show :src/app/service/libraryservice.service.ts
git rev-parse --show-toplevel
fatal: Not a git repository (or any parent up to mount point /)
Stopping at filesystem boundary (GIT_DISCOVERY_ACROSS_FILESYSTEM not set).

git show :src/app/service/libraryservice.service.ts
git rev-parse --show-toplevel
fatal: Not a git repository (or any parent up to mount point /)
Stopping at filesystem boundary (GIT_DISCOVERY_ACROSS_FILESYSTEM not set).

git show :src/app/service/libraryservice.service.ts
git rev-parse --show-toplevel
fatal: Not a git repository (or any parent up to mount point /)
Stopping at filesystem boundary (GIT_DISCOVERY_ACROSS_FILESYSTEM not set).

git show :src/app/service/libraryservice.service.ts
git status -z -u
git symbolic-ref --short HEAD
git rev-parse master
git rev-parse --symbolic-full-name --abbrev-ref master@{u}
fatal: no upstream configured for branch 'master'

git for-each-ref --format %(refname) %(objectname) --sort -committerdate
git remote --verbose
git rev-parse --show-toplevel
fatal: Not a git repository (or any parent up to mount point /)
Stopping at filesystem boundary (GIT_DISCOVERY_ACROSS_FILESYSTEM not set).

git show :src/app/service/libraryservice.service.ts
git rev-parse --show-toplevel
fatal: Not a git repository (or any parent up to mount point /)
Stopping at filesystem boundary (GIT_DISCOVERY_ACROSS_FILESYSTEM not set).

git show :src/app/service/libraryservice.service.ts
git status -z -u
git symbolic-ref --short HEAD
git rev-parse master
git rev-parse --symbolic-full-name --abbrev-ref master@{u}
fatal: no upstream configured for branch 'master'

git for-each-ref --format %(refname) %(objectname) --sort -committerdate
git remote --verbose
git show :src/app/libraries/libraries.component.ts
git status -z -u
git symbolic-ref --short HEAD
git rev-parse master
git rev-parse --symbolic-full-name --abbrev-ref master@{u}
fatal: no upstream configured for branch 'master'

git for-each-ref --format %(refname) %(objectname) --sort -committerdate
git remote --verbose
git show :src/app/libraries/libraries.component.html
git status -z -u
git symbolic-ref --short HEAD
git rev-parse master
git rev-parse --symbolic-full-name --abbrev-ref master@{u}
fatal: no upstream configured for branch 'master'

git for-each-ref --format %(refname) %(objectname) --sort -committerdate
git remote --verbose
git status -z -u
git symbolic-ref --short HEAD
git rev-parse master
git rev-parse --symbolic-full-name --abbrev-ref master@{u}
fatal: no upstream configured for branch 'master'

git for-each-ref --format %(refname) %(objectname) --sort -committerdate
git remote --verbose
git show :src/app/libraries/libraries.component.ts
git status -z -u
git symbolic-ref --short HEAD
git rev-parse master
git rev-parse --symbolic-full-name --abbrev-ref master@{u}
fatal: no upstream configured for branch 'master'

git for-each-ref --format %(refname) %(objectname) --sort -committerdate
git remote --verbose
git status -z -u
git symbolic-ref --short HEAD
git rev-parse master
git rev-parse --symbolic-full-name --abbrev-ref master@{u}
fatal: no upstream configured for branch 'master'

git for-each-ref --format %(refname) %(objectname) --sort -committerdate
git remote --verbose
git status -z -u
git symbolic-ref --short HEAD
git rev-parse master
git rev-parse --symbolic-full-name --abbrev-ref master@{u}
fatal: no upstream configured for branch 'master'

git for-each-ref --format %(refname) %(objectname) --sort -committerdate
git remote --verbose
git status -z -u
git symbolic-ref --short HEAD
git rev-parse master
git rev-parse --symbolic-full-name --abbrev-ref master@{u}
fatal: no upstream configured for branch 'master'

git for-each-ref --format %(refname) %(objectname) --sort -committerdate
git remote --verbose
git status -z -u
git symbolic-ref --short HEAD
git rev-parse master
git rev-parse --symbolic-full-name --abbrev-ref master@{u}
fatal: no upstream configured for branch 'master'

git for-each-ref --format %(refname) %(objectname) --sort -committerdate
git remote --verbose
git status -z -u
git symbolic-ref --short HEAD
git rev-parse master
git rev-parse --symbolic-full-name --abbrev-ref master@{u}
fatal: no upstream configured for branch 'master'

git for-each-ref --format %(refname) %(objectname) --sort -committerdate
git remote --verbose
git status -z -u
git symbolic-ref --short HEAD
git rev-parse master
git rev-parse --symbolic-full-name --abbrev-ref master@{u}
fatal: no upstream configured for branch 'master'

git for-each-ref --format %(refname) %(objectname) --sort -committerdate
git remote --verbose
git status -z -u
git symbolic-ref --short HEAD
git rev-parse master
git rev-parse --symbolic-full-name --abbrev-ref master@{u}
fatal: no upstream configured for branch 'master'

git for-each-ref --format %(refname) %(objectname) --sort -committerdate
git remote --verbose
git status -z -u
git symbolic-ref --short HEAD
git rev-parse master
git rev-parse --symbolic-full-name --abbrev-ref master@{u}
fatal: no upstream configured for branch 'master'

git for-each-ref --format %(refname) %(objectname) --sort -committerdate
git remote --verbose
git status -z -u
git symbolic-ref --short HEAD
git rev-parse master
git rev-parse --symbolic-full-name --abbrev-ref master@{u}
fatal: no upstream configured for branch 'master'

git for-each-ref --format %(refname) %(objectname) --sort -committerdate
git remote --verbose
git check-ignore -z --stdin
git show :src/app/books/books.component.html
git rev-parse --show-toplevel
fatal: Not a git repository (or any parent up to mount point /)
Stopping at filesystem boundary (GIT_DISCOVERY_ACROSS_FILESYSTEM not set).

git rev-parse --show-toplevel
fatal: Not a git repository (or any parent up to mount point /)
Stopping at filesystem boundary (GIT_DISCOVERY_ACROSS_FILESYSTEM not set).

git rev-parse --show-toplevel
fatal: Not a git repository (or any parent up to mount point /)
Stopping at filesystem boundary (GIT_DISCOVERY_ACROSS_FILESYSTEM not set).

git show :src/app/app-routing.module.ts
git show :src/app/books/books.component.ts
git show :src/app/app-routing.module.ts
git status -z -u
git symbolic-ref --short HEAD
git rev-parse master
git rev-parse --symbolic-full-name --abbrev-ref master@{u}
fatal: no upstream configured for branch 'master'

git for-each-ref --format %(refname) %(objectname) --sort -committerdate
git remote --verbose
git rev-parse --show-toplevel
fatal: Not a git repository (or any parent up to mount point /)
Stopping at filesystem boundary (GIT_DISCOVERY_ACROSS_FILESYSTEM not set).

git rev-parse --show-toplevel
fatal: Not a git repository (or any parent up to mount point /)
Stopping at filesystem boundary (GIT_DISCOVERY_ACROSS_FILESYSTEM not set).

git check-ignore -z --stdin
git show :src/app/books/books.component.html
git show :src/app/libraries/libraries.component.ts
git show :src/app/books/books.component.ts
git show :src/app/libraries/libraries.component.ts
git show :src/app/books/books.component.ts
git show :src/app/book.ts
git show :src/app/books/books.component.ts
git show :src/app/book.ts
git show :src/app/books/books.component.ts
git show :src/app/book.ts
git show :src/app/books/books.component.ts
git show :src/app/app-routing.module.ts
git show :src/app/books/books.component.ts
git show :src/app/book.ts
git show :src/app/books/books.component.ts
git show :src/app/libraries/libraries.component.ts
git show :src/app/books/books.component.ts
git status -z -u
git symbolic-ref --short HEAD
git rev-parse master
git rev-parse --symbolic-full-name --abbrev-ref master@{u}
fatal: no upstream configured for branch 'master'

git for-each-ref --format %(refname) %(objectname) --sort -committerdate
git remote --verbose
git show :src/app/book.ts
git show :src/app/books/books.component.ts
git status -z -u
git symbolic-ref --short HEAD
git rev-parse master
git rev-parse --symbolic-full-name --abbrev-ref master@{u}
fatal: no upstream configured for branch 'master'

git for-each-ref --format %(refname) %(objectname) --sort -committerdate
git remote --verbose
git status -z -u
git symbolic-ref --short HEAD
git rev-parse master
git rev-parse --symbolic-full-name --abbrev-ref master@{u}
fatal: no upstream configured for branch 'master'

git for-each-ref --format %(refname) %(objectname) --sort -committerdate
git remote --verbose
git show :src/app/book.ts
git show :src/app/books/books.component.ts
git status -z -u
git symbolic-ref --short HEAD
git rev-parse master
git rev-parse --symbolic-full-name --abbrev-ref master@{u}
fatal: no upstream configured for branch 'master'

git for-each-ref --format %(refname) %(objectname) --sort -committerdate
git remote --verbose
git status -z -u
git symbolic-ref --short HEAD
git rev-parse master
git rev-parse --symbolic-full-name --abbrev-ref master@{u}
fatal: no upstream configured for branch 'master'

git for-each-ref --format %(refname) %(objectname) --sort -committerdate
git remote --verbose
git show :src/app/book.ts
git status -z -u
git symbolic-ref --short HEAD
git rev-parse master
git rev-parse --symbolic-full-name --abbrev-ref master@{u}
fatal: no upstream configured for branch 'master'

git for-each-ref --format %(refname) %(objectname) --sort -committerdate
git remote --verbose
git show :src/app/app-routing.module.ts
git show :src/app/books/books.component.ts
git show :src/app/libraries/libraries.component.ts
git show :src/app/libraries/libraries.component.html
git show :src/app/books/books.component.html
git show :src/app/book.ts
git show :src/app/books/books.component.html
git show :src/app/books/books.component.spec.ts
git show :src/app/books/books.component.ts
git show :src/app/books/books.component.html
git show :src/app/books/books.component.ts
git status -z -u
git symbolic-ref --short HEAD
git rev-parse master
git rev-parse --symbolic-full-name --abbrev-ref master@{u}
fatal: no upstream configured for branch 'master'

git for-each-ref --format %(refname) %(objectname) --sort -committerdate
git remote --verbose
git show :src/app/books/books.component.html
git status -z -u
git symbolic-ref --short HEAD
git rev-parse master
git rev-parse --symbolic-full-name --abbrev-ref master@{u}
fatal: no upstream configured for branch 'master'

git for-each-ref --format %(refname) %(objectname) --sort -committerdate
git remote --verbose
git rev-parse --show-toplevel
fatal: Not a git repository (or any parent up to mount point /)
Stopping at filesystem boundary (GIT_DISCOVERY_ACROSS_FILESYSTEM not set).

git rev-parse --show-toplevel
fatal: Not a git repository (or any parent up to mount point /)
Stopping at filesystem boundary (GIT_DISCOVERY_ACROSS_FILESYSTEM not set).

git rev-parse --show-toplevel
fatal: Not a git repository (or any parent up to mount point /)
Stopping at filesystem boundary (GIT_DISCOVERY_ACROSS_FILESYSTEM not set).

git show :src/app/books/books.component.ts
git rev-parse --show-toplevel
fatal: Not a git repository (or any parent up to mount point /)
Stopping at filesystem boundary (GIT_DISCOVERY_ACROSS_FILESYSTEM not set).

git show :src/app/books/books.component.ts
git rev-parse --show-toplevel
fatal: Not a git repository (or any parent up to mount point /)
Stopping at filesystem boundary (GIT_DISCOVERY_ACROSS_FILESYSTEM not set).

git show :src/app/books/books.component.ts
git rev-parse --show-toplevel
fatal: Not a git repository (or any parent up to mount point /)
Stopping at filesystem boundary (GIT_DISCOVERY_ACROSS_FILESYSTEM not set).

git rev-parse --show-toplevel
fatal: Not a git repository (or any parent up to mount point /)
Stopping at filesystem boundary (GIT_DISCOVERY_ACROSS_FILESYSTEM not set).

git show :src/app/books/books.component.html
git status -z -u
git symbolic-ref --short HEAD
git rev-parse master
git rev-parse --symbolic-full-name --abbrev-ref master@{u}
fatal: no upstream configured for branch 'master'

git for-each-ref --format %(refname) %(objectname) --sort -committerdate
git remote --verbose
git rev-parse --show-toplevel
fatal: Not a git repository (or any parent up to mount point /)
Stopping at filesystem boundary (GIT_DISCOVERY_ACROSS_FILESYSTEM not set).

git show :src/app/books/books.component.spec.ts
git rev-parse --show-toplevel
fatal: Not a git repository (or any parent up to mount point /)
Stopping at filesystem boundary (GIT_DISCOVERY_ACROSS_FILESYSTEM not set).

git show :src/app/books/books.component.ts
git show :src/app/books/books.component.html
git status -z -u
git symbolic-ref --short HEAD
git rev-parse master
git rev-parse --symbolic-full-name --abbrev-ref master@{u}
fatal: no upstream configured for branch 'master'

git for-each-ref --format %(refname) %(objectname) --sort -committerdate
git remote --verbose
git show :src/app/books/books.component.ts
git rev-parse --show-toplevel
fatal: Not a git repository (or any parent up to mount point /)
Stopping at filesystem boundary (GIT_DISCOVERY_ACROSS_FILESYSTEM not set).

git show :src/app/books/books.component.ts
git show :src/app/books/books.component.html
git show :src/app/books/books.component.ts
git status -z -u
git symbolic-ref --short HEAD
git rev-parse master
git rev-parse --symbolic-full-name --abbrev-ref master@{u}
fatal: no upstream configured for branch 'master'

git for-each-ref --format %(refname) %(objectname) --sort -committerdate
git remote --verbose
git show :src/app/books/books.component.html
git status -z -u
git symbolic-ref --short HEAD
git show :src/app/libraries/libraries.component.html
git rev-parse master
git rev-parse --symbolic-full-name --abbrev-ref master@{u}
fatal: no upstream configured for branch 'master'

git for-each-ref --format %(refname) %(objectname) --sort -committerdate
git remote --verbose
git show :src/app/libraries/libraries.component.css
git status -z -u
git symbolic-ref --short HEAD
git rev-parse master
git rev-parse --symbolic-full-name --abbrev-ref master@{u}
fatal: no upstream configured for branch 'master'

git for-each-ref --format %(refname) %(objectname) --sort -committerdate
git remote --verbose
git status -z -u
git symbolic-ref --short HEAD
git rev-parse master
git rev-parse --symbolic-full-name --abbrev-ref master@{u}
fatal: no upstream configured for branch 'master'

git for-each-ref --format %(refname) %(objectname) --sort -committerdate
git remote --verbose
git show :src/app/libraries/libraries.component.ts
git show :src/app/libraries/libraries.component.html
git show :src/app/libraries/libraries.component.css
git show :src/app/libraries/libraries.component.html
git show :src/app/books/books.component.ts
git show :src/app/books/books.component.html
git show :src/app/libraries/libraries.component.spec.ts
git show :src/app/libraries/libraries.component.html
git show :src/app/libraries/libraries.component.ts
git show :src/app/libraries/libraries.component.spec.ts
git show :src/app/libraries/libraries.component.ts
git show :src/app/libraries/libraries.component.spec.ts
git show :src/app/libraries/libraries.component.ts
git show :src/app/libraries/libraries.component.html
git show :src/app/libraries/libraries.component.ts
git status -z -u
git symbolic-ref --short HEAD
git rev-parse master
git rev-parse --symbolic-full-name --abbrev-ref master@{u}
fatal: no upstream configured for branch 'master'

git for-each-ref --format %(refname) %(objectname) --sort -committerdate
git remote --verbose
git show :src/app/libraries/libraries.component.html
git status -z -u
git symbolic-ref --short HEAD
git rev-parse master
git rev-parse --symbolic-full-name --abbrev-ref master@{u}
fatal: no upstream configured for branch 'master'

git for-each-ref --format %(refname) %(objectname) --sort -committerdate
git remote --verbose
git status -z -u
git symbolic-ref --short HEAD
git rev-parse master
git rev-parse --symbolic-full-name --abbrev-ref master@{u}
fatal: no upstream configured for branch 'master'

git for-each-ref --format %(refname) %(objectname) --sort -committerdate
git remote --verbose
git status -z -u
git symbolic-ref --short HEAD
git rev-parse master
git rev-parse --symbolic-full-name --abbrev-ref master@{u}
fatal: no upstream configured for branch 'master'

git for-each-ref --format %(refname) %(objectname) --sort -committerdate
git remote --verbose
git show :src/app/app.component.html
git status -z -u
git symbolic-ref --short HEAD
git rev-parse master
git rev-parse --symbolic-full-name --abbrev-ref master@{u}
fatal: no upstream configured for branch 'master'

git for-each-ref --format %(refname) %(objectname) --sort -committerdate
git remote --verbose
git show :src/app/service/libraryservice.service.ts
git show :src/app/libraries/libraries.component.ts
git show :src/app/libraries/libraries.component.html
git status -z -u
git symbolic-ref --short HEAD
git rev-parse master
git rev-parse --symbolic-full-name --abbrev-ref master@{u}
fatal: no upstream configured for branch 'master'

git for-each-ref --format %(refname) %(objectname) --sort -committerdate
git remote --verbose
git show :src/app/app.component.ts
git show :src/app/app.component.html
git show :src/app/libraries/libraries.component.ts
git show :src/app/app.component.html
git status -z -u
git symbolic-ref --short HEAD
git rev-parse master
git rev-parse --symbolic-full-name --abbrev-ref master@{u}
fatal: no upstream configured for branch 'master'

git for-each-ref --format %(refname) %(objectname) --sort -committerdate
git remote --verbose
git show :src/app/libraries/libraries.component.html
git status -z -u
git symbolic-ref --short HEAD
git rev-parse master
git rev-parse --symbolic-full-name --abbrev-ref master@{u}
fatal: no upstream configured for branch 'master'

git for-each-ref --format %(refname) %(objectname) --sort -committerdate
git remote --verbose
git show :src/app/library.ts
git show :src/app/app.component.ts
git show :src/app/books/books.component.ts
git show :src/app/book.ts
git check-ignore -z --stdin
git show :src/app/library.ts
git status -z -u
git symbolic-ref --short HEAD
git rev-parse master
git rev-parse --symbolic-full-name --abbrev-ref master@{u}
fatal: no upstream configured for branch 'master'

git for-each-ref --format %(refname) %(objectname) --sort -committerdate
git remote --verbose
git show :src/app/libraries/libraries.component.ts
git show :src/app/book.ts
git show :src/app/books/books.component.ts
git show :src/app/libraries/libraries.component.ts
git status -z -u
git symbolic-ref --short HEAD
git rev-parse master
git rev-parse --symbolic-full-name --abbrev-ref master@{u}
fatal: no upstream configured for branch 'master'

git for-each-ref --format %(refname) %(objectname) --sort -committerdate
git remote --verbose
git show :src/app/libraries/libraries.component.html
git status -z -u
git symbolic-ref --short HEAD
git rev-parse master
git rev-parse --symbolic-full-name --abbrev-ref master@{u}
fatal: no upstream configured for branch 'master'

git for-each-ref --format %(refname) %(objectname) --sort -committerdate
git remote --verbose
git status -z -u
git symbolic-ref --short HEAD
git rev-parse master
git rev-parse --symbolic-full-name --abbrev-ref master@{u}
fatal: no upstream configured for branch 'master'

git for-each-ref --format %(refname) %(objectname) --sort -committerdate
git remote --verbose
git show :src/app/app-routing.module.ts
git show :src/app/books/books.component.ts
git show :src/app/app-routing.module.ts
git show :src/app/books/books.component.ts
git rev-parse --show-toplevel
fatal: Not a git repository (or any parent up to mount point /)
Stopping at filesystem boundary (GIT_DISCOVERY_ACROSS_FILESYSTEM not set).

git show :src/app/libraries/libraries.component.ts
git show :src/app/libraries/libraries.component.html
git status -z -u
git symbolic-ref --short HEAD
git rev-parse master
git rev-parse --symbolic-full-name --abbrev-ref master@{u}
fatal: no upstream configured for branch 'master'

git for-each-ref --format %(refname) %(objectname) --sort -committerdate
git remote --verbose
git show :src/app/books/books.component.ts
git status -z -u
git symbolic-ref --short HEAD
git rev-parse master
git rev-parse --symbolic-full-name --abbrev-ref master@{u}
fatal: no upstream configured for branch 'master'

git for-each-ref --format %(refname) %(objectname) --sort -committerdate
git remote --verbose
git show :src/app/books/books.component.html
git status -z -u
git symbolic-ref --short HEAD
git rev-parse master
git rev-parse --symbolic-full-name --abbrev-ref master@{u}
fatal: no upstream configured for branch 'master'

git for-each-ref --format %(refname) %(objectname) --sort -committerdate
git remote --verbose
git show :src/app/libraries/libraries.component.ts
git show :src/app/libraries/libraries.component.css
git show :src/app/libraries/libraries.component.html
git show :src/app/app-routing.module.ts
git show :src/app/libraries/libraries.component.html
git status -z -u
git symbolic-ref --short HEAD
git rev-parse master
git rev-parse --symbolic-full-name --abbrev-ref master@{u}
fatal: no upstream configured for branch 'master'

git for-each-ref --format %(refname) %(objectname) --sort -committerdate
git remote --verbose
git status -z -u
git symbolic-ref --short HEAD
git rev-parse master
git rev-parse --symbolic-full-name --abbrev-ref master@{u}
fatal: no upstream configured for branch 'master'

git for-each-ref --format %(refname) %(objectname) --sort -committerdate
git remote --verbose
git show :src/app/app-routing.module.ts
git status -z -u
git symbolic-ref --short HEAD
git rev-parse master
git rev-parse --symbolic-full-name --abbrev-ref master@{u}
fatal: no upstream configured for branch 'master'

git for-each-ref --format %(refname) %(objectname) --sort -committerdate
git remote --verbose
git show :src/app/libraries/libraries.component.html
git status -z -u
git symbolic-ref --short HEAD
git rev-parse master
git rev-parse --symbolic-full-name --abbrev-ref master@{u}
fatal: no upstream configured for branch 'master'

git for-each-ref --format %(refname) %(objectname) --sort -committerdate
git remote --verbose
git show :src/app/books/books.component.ts
git status -z -u
git symbolic-ref --short HEAD
git rev-parse master
git rev-parse --symbolic-full-name --abbrev-ref master@{u}
fatal: no upstream configured for branch 'master'

git for-each-ref --format %(refname) %(objectname) --sort -committerdate
git remote --verbose
git status -z -u
git symbolic-ref --short HEAD
git rev-parse master
git rev-parse --symbolic-full-name --abbrev-ref master@{u}
fatal: no upstream configured for branch 'master'

git for-each-ref --format %(refname) %(objectname) --sort -committerdate
git remote --verbose
git show :src/app/libraries/libraries.component.ts
git status -z -u
git symbolic-ref --short HEAD
git rev-parse master
git rev-parse --symbolic-full-name --abbrev-ref master@{u}
fatal: no upstream configured for branch 'master'

git for-each-ref --format %(refname) %(objectname) --sort -committerdate
git remote --verbose
git show :src/app/libraries/libraries.component.html
git status -z -u
git symbolic-ref --short HEAD
git rev-parse master
git rev-parse --symbolic-full-name --abbrev-ref master@{u}
fatal: no upstream configured for branch 'master'

git for-each-ref --format %(refname) %(objectname) --sort -committerdate
git remote --verbose
git show :src/app/app-routing.module.ts
git show :src/app/books/books.component.ts
git status -z -u
git symbolic-ref --short HEAD
git rev-parse master
git rev-parse --symbolic-full-name --abbrev-ref master@{u}
fatal: no upstream configured for branch 'master'

git for-each-ref --format %(refname) %(objectname) --sort -committerdate
git remote --verbose
git show :src/app/libraries/libraries.component.html
git show :src/app/libraries/libraries.component.css
git show :src/app/books/books.component.ts
git status -z -u
git symbolic-ref --short HEAD
git rev-parse master
git rev-parse --symbolic-full-name --abbrev-ref master@{u}
fatal: no upstream configured for branch 'master'

git for-each-ref --format %(refname) %(objectname) --sort -committerdate
git remote --verbose
git show :src/app/libraries/libraries.component.html
git show :src/app/books/books.component.ts
git show :src/app/app-routing.module.ts
git status -z -u
git symbolic-ref --short HEAD
git rev-parse master
git rev-parse --symbolic-full-name --abbrev-ref master@{u}
fatal: no upstream configured for branch 'master'

git for-each-ref --format %(refname) %(objectname) --sort -committerdate
git remote --verbose
git rev-parse --show-toplevel
fatal: Not a git repository (or any parent up to mount point /)
Stopping at filesystem boundary (GIT_DISCOVERY_ACROSS_FILESYSTEM not set).

git show :src/app/libraries/libraries.component.html
git status -z -u
git symbolic-ref --short HEAD
git rev-parse master
git rev-parse --symbolic-full-name --abbrev-ref master@{u}
fatal: no upstream configured for branch 'master'

git for-each-ref --format %(refname) %(objectname) --sort -committerdate
git remote --verbose
git show :src/app/app-routing.module.ts
git status -z -u
git symbolic-ref --short HEAD
git rev-parse master
git rev-parse --symbolic-full-name --abbrev-ref master@{u}
fatal: no upstream configured for branch 'master'

git for-each-ref --format %(refname) %(objectname) --sort -committerdate
git remote --verbose
git show :src/app/libraries/libraries.component.html
git status -z -u
git symbolic-ref --short HEAD
git rev-parse master
git rev-parse --symbolic-full-name --abbrev-ref master@{u}
fatal: no upstream configured for branch 'master'

git for-each-ref --format %(refname) %(objectname) --sort -committerdate
git remote --verbose
git status -z -u
git symbolic-ref --short HEAD
git rev-parse master
git rev-parse --symbolic-full-name --abbrev-ref master@{u}
fatal: no upstream configured for branch 'master'

git for-each-ref --format %(refname) %(objectname) --sort -committerdate
git remote --verbose
git show :src/app/app-routing.module.ts
git show :src/app/books/books.component.ts
git show :src/app/books/books.component.html
git show :src/app/libraries/libraries.component.html
git show :src/app/books/books.component.ts
git show :src/app/libraries/libraries.component.html
git status -z -u
git symbolic-ref --short HEAD
git rev-parse master
git rev-parse --symbolic-full-name --abbrev-ref master@{u}
fatal: no upstream configured for branch 'master'

git for-each-ref --format %(refname) %(objectname) --sort -committerdate
git remote --verbose
git status -z -u
git symbolic-ref --short HEAD
git rev-parse master
git rev-parse --symbolic-full-name --abbrev-ref master@{u}
fatal: no upstream configured for branch 'master'

git for-each-ref --format %(refname) %(objectname) --sort -committerdate
git remote --verbose
git show :src/app/app.module.ts
git status -z -u
git symbolic-ref --short HEAD
git rev-parse master
git rev-parse --symbolic-full-name --abbrev-ref master@{u}
fatal: no upstream configured for branch 'master'

git for-each-ref --format %(refname) %(objectname) --sort -committerdate
git remote --verbose
git rev-parse --show-toplevel
fatal: Not a git repository (or any parent up to mount point /)
Stopping at filesystem boundary (GIT_DISCOVERY_ACROSS_FILESYSTEM not set).

git show :src/app/app.module.ts
git show :src/app/app-routing.module.ts
git status -z -u
git symbolic-ref --short HEAD
git rev-parse master
git rev-parse --symbolic-full-name --abbrev-ref master@{u}
fatal: no upstream configured for branch 'master'

git for-each-ref --format %(refname) %(objectname) --sort -committerdate
git remote --verbose
git show :src/app/libraries/libraries.component.ts
git status -z -u
git symbolic-ref --short HEAD
git rev-parse master
git rev-parse --symbolic-full-name --abbrev-ref master@{u}
fatal: no upstream configured for branch 'master'

git for-each-ref --format %(refname) %(objectname) --sort -committerdate
git remote --verbose
git show :src/app/bookdetails/bookdetails.component.ts
git show :src/app/books/books.component.ts
git status -z -u
git symbolic-ref --short HEAD
git rev-parse master
git rev-parse --symbolic-full-name --abbrev-ref master@{u}
fatal: no upstream configured for branch 'master'

git for-each-ref --format %(refname) %(objectname) --sort -committerdate
git remote --verbose
git show :src/app/app-routing.module.ts
git status -z -u
git symbolic-ref --short HEAD
git rev-parse master
git rev-parse --symbolic-full-name --abbrev-ref master@{u}
fatal: no upstream configured for branch 'master'

git for-each-ref --format %(refname) %(objectname) --sort -committerdate
git remote --verbose
git show :src/app/library.ts
git show :src/app/service/libraryservice.service.ts
git rev-parse --show-toplevel
fatal: Not a git repository (or any parent up to mount point /)
Stopping at filesystem boundary (GIT_DISCOVERY_ACROSS_FILESYSTEM not set).

git show :src/app/service/libraryservice.service.ts
git rev-parse --show-toplevel
fatal: Not a git repository (or any parent up to mount point /)
Stopping at filesystem boundary (GIT_DISCOVERY_ACROSS_FILESYSTEM not set).

git show :src/app/service/libraryservice.service.ts
git status -z -u
git symbolic-ref --short HEAD
git rev-parse master
git rev-parse --symbolic-full-name --abbrev-ref master@{u}
fatal: no upstream configured for branch 'master'

git for-each-ref --format %(refname) %(objectname) --sort -committerdate
git remote --verbose
git show :src/app/book.ts
