[Info  - 01:15:24] Using tsserver from: /usr/share/code/resources/app/extensions/node_modules/typescript/lib
[Info  - 01:15:24] Forking TSServer
PATH: /usr/local/sbin:/usr/local/bin:/usr/sbin:/usr/bin:/sbin:/bin:/snap/bin
[Info  - 01:15:24] Started TSServer
[Info  - 01:21:05] Using tsserver from: /usr/share/code/resources/app/extensions/node_modules/typescript/lib
[Info  - 01:21:05] Forking TSServer
PATH: /usr/local/sbin:/usr/local/bin:/usr/sbin:/usr/bin:/sbin:/bin:/snap/bin
[Info  - 01:21:06] Started TSServer
[Error  - 01:55:19] 'getCodeFixes' request failed with error.
Error processing request. Debug Failure. Invalid cast. The supplied value did not pass the test 'isIdentifier'.
Error: Debug Failure. Invalid cast. The supplied value did not pass the test 'isIdentifier'.
    at Object.cast (/usr/share/code/resources/app/extensions/node_modules/typescript/lib/tsserver.js:2442:15)
    at convertToImportCodeFixContext (/usr/share/code/resources/app/extensions/node_modules/typescript/lib/tsserver.js:78183:34)
    at Object.getImportCodeActions [as getCodeActions] (/usr/share/code/resources/app/extensions/node_modules/typescript/lib/tsserver.js:78587:36)
    at /usr/share/code/resources/app/extensions/node_modules/typescript/lib/tsserver.js:77059:33
    at Object.forEach (/usr/share/code/resources/app/extensions/node_modules/typescript/lib/tsserver.js:1430:30)
    at Object.getFixes (/usr/share/code/resources/app/extensions/node_modules/typescript/lib/tsserver.js:77058:16)
    at /usr/share/code/resources/app/extensions/node_modules/typescript/lib/tsserver.js:83206:35
    at Object.flatMap (/usr/share/code/resources/app/extensions/node_modules/typescript/lib/tsserver.js:1697:25)
    at Object.getCodeFixesAtPosition (/usr/share/code/resources/app/extensions/node_modules/typescript/lib/tsserver.js:83204:23)
    at IOSession.Session.getCodeFixes (/usr/share/code/resources/app/extensions/node_modules/typescript/lib/tsserver.js:90228:64)
    at Session.handlers.ts.createMapFromTemplate._a.(anonymous function) (/usr/share/code/resources/app/extensions/node_modules/typescript/lib/tsserver.js:89132:61)
    at /usr/share/code/resources/app/extensions/node_modules/typescript/lib/tsserver.js:90393:88
    at IOSession.Session.executeWithRequestId (/usr/share/code/resources/app/extensions/node_modules/typescript/lib/tsserver.js:90384:28)
    at IOSession.Session.executeCommand (/usr/share/code/resources/app/extensions/node_modules/typescript/lib/tsserver.js:90393:33)
    at IOSession.Session.onMessage (/usr/share/code/resources/app/extensions/node_modules/typescript/lib/tsserver.js:90413:35)
    at Interface.<anonymous> (/usr/share/code/resources/app/extensions/node_modules/typescript/lib/tsserver.js:91614:27)
    at emitOne (events.js:96:13)
    at Interface.emit (events.js:191:7)
    at Interface._onLine (readline.js:241:10)
    at Interface._normalWrite (readline.js:384:12)
    at Socket.ondata (readline.js:101:10)
    at emitOne (events.js:96:13)
    at Socket.emit (events.js:191:7)
    at readableAddChunk (_stream_readable.js:178:18)
    at Socket.Readable.push (_stream_readable.js:136:10)
    at Pipe.onread (net.js:560:20)
[Error  - 02:19:04] 'getCodeFixes' request failed with error.
Error processing request. Debug Failure. Invalid cast. The supplied value did not pass the test 'isIdentifier'.
Error: Debug Failure. Invalid cast. The supplied value did not pass the test 'isIdentifier'.
    at Object.cast (/usr/share/code/resources/app/extensions/node_modules/typescript/lib/tsserver.js:2442:15)
    at convertToImportCodeFixContext (/usr/share/code/resources/app/extensions/node_modules/typescript/lib/tsserver.js:78183:34)
    at Object.getImportCodeActions [as getCodeActions] (/usr/share/code/resources/app/extensions/node_modules/typescript/lib/tsserver.js:78587:36)
    at /usr/share/code/resources/app/extensions/node_modules/typescript/lib/tsserver.js:77059:33
    at Object.forEach (/usr/share/code/resources/app/extensions/node_modules/typescript/lib/tsserver.js:1430:30)
    at Object.getFixes (/usr/share/code/resources/app/extensions/node_modules/typescript/lib/tsserver.js:77058:16)
    at /usr/share/code/resources/app/extensions/node_modules/typescript/lib/tsserver.js:83206:35
    at Object.flatMap (/usr/share/code/resources/app/extensions/node_modules/typescript/lib/tsserver.js:1697:25)
    at Object.getCodeFixesAtPosition (/usr/share/code/resources/app/extensions/node_modules/typescript/lib/tsserver.js:83204:23)
    at IOSession.Session.getCodeFixes (/usr/share/code/resources/app/extensions/node_modules/typescript/lib/tsserver.js:90228:64)
    at Session.handlers.ts.createMapFromTemplate._a.(anonymous function) (/usr/share/code/resources/app/extensions/node_modules/typescript/lib/tsserver.js:89132:61)
    at /usr/share/code/resources/app/extensions/node_modules/typescript/lib/tsserver.js:90393:88
    at IOSession.Session.executeWithRequestId (/usr/share/code/resources/app/extensions/node_modules/typescript/lib/tsserver.js:90384:28)
    at IOSession.Session.executeCommand (/usr/share/code/resources/app/extensions/node_modules/typescript/lib/tsserver.js:90393:33)
    at IOSession.Session.onMessage (/usr/share/code/resources/app/extensions/node_modules/typescript/lib/tsserver.js:90413:35)
    at Interface.<anonymous> (/usr/share/code/resources/app/extensions/node_modules/typescript/lib/tsserver.js:91614:27)
    at emitOne (events.js:96:13)
    at Interface.emit (events.js:191:7)
    at Interface._onLine (readline.js:241:10)
    at Interface._normalWrite (readline.js:384:12)
    at Socket.ondata (readline.js:101:10)
    at emitOne (events.js:96:13)
    at Socket.emit (events.js:191:7)
    at readableAddChunk (_stream_readable.js:178:18)
    at Socket.Readable.push (_stream_readable.js:136:10)
    at Pipe.onread (net.js:560:20)
[Error  - 02:31:43] 'getCodeFixes' request failed with error.
Error processing request. Debug Failure. Invalid cast. The supplied value did not pass the test 'isIdentifier'.
Error: Debug Failure. Invalid cast. The supplied value did not pass the test 'isIdentifier'.
    at Object.cast (/usr/share/code/resources/app/extensions/node_modules/typescript/lib/tsserver.js:2442:15)
    at convertToImportCodeFixContext (/usr/share/code/resources/app/extensions/node_modules/typescript/lib/tsserver.js:78183:34)
    at Object.getImportCodeActions [as getCodeActions] (/usr/share/code/resources/app/extensions/node_modules/typescript/lib/tsserver.js:78587:36)
    at /usr/share/code/resources/app/extensions/node_modules/typescript/lib/tsserver.js:77059:33
    at Object.forEach (/usr/share/code/resources/app/extensions/node_modules/typescript/lib/tsserver.js:1430:30)
    at Object.getFixes (/usr/share/code/resources/app/extensions/node_modules/typescript/lib/tsserver.js:77058:16)
    at /usr/share/code/resources/app/extensions/node_modules/typescript/lib/tsserver.js:83206:35
    at Object.flatMap (/usr/share/code/resources/app/extensions/node_modules/typescript/lib/tsserver.js:1697:25)
    at Object.getCodeFixesAtPosition (/usr/share/code/resources/app/extensions/node_modules/typescript/lib/tsserver.js:83204:23)
    at IOSession.Session.getCodeFixes (/usr/share/code/resources/app/extensions/node_modules/typescript/lib/tsserver.js:90228:64)
    at Session.handlers.ts.createMapFromTemplate._a.(anonymous function) (/usr/share/code/resources/app/extensions/node_modules/typescript/lib/tsserver.js:89132:61)
    at /usr/share/code/resources/app/extensions/node_modules/typescript/lib/tsserver.js:90393:88
    at IOSession.Session.executeWithRequestId (/usr/share/code/resources/app/extensions/node_modules/typescript/lib/tsserver.js:90384:28)
    at IOSession.Session.executeCommand (/usr/share/code/resources/app/extensions/node_modules/typescript/lib/tsserver.js:90393:33)
    at IOSession.Session.onMessage (/usr/share/code/resources/app/extensions/node_modules/typescript/lib/tsserver.js:90413:35)
    at Interface.<anonymous> (/usr/share/code/resources/app/extensions/node_modules/typescript/lib/tsserver.js:91614:27)
    at emitOne (events.js:96:13)
    at Interface.emit (events.js:191:7)
    at Interface._onLine (readline.js:241:10)
    at Interface._normalWrite (readline.js:384:12)
    at Socket.ondata (readline.js:101:10)
    at emitOne (events.js:96:13)
    at Socket.emit (events.js:191:7)
    at readableAddChunk (_stream_readable.js:178:18)
    at Socket.Readable.push (_stream_readable.js:136:10)
    at Pipe.onread (net.js:560:20)
[Error  - 02:43:56] 'getCodeFixes' request failed with error.
Error processing request. Debug Failure. Invalid cast. The supplied value did not pass the test 'isIdentifier'.
Error: Debug Failure. Invalid cast. The supplied value did not pass the test 'isIdentifier'.
    at Object.cast (/usr/share/code/resources/app/extensions/node_modules/typescript/lib/tsserver.js:2442:15)
    at convertToImportCodeFixContext (/usr/share/code/resources/app/extensions/node_modules/typescript/lib/tsserver.js:78183:34)
    at Object.getImportCodeActions [as getCodeActions] (/usr/share/code/resources/app/extensions/node_modules/typescript/lib/tsserver.js:78587:36)
    at /usr/share/code/resources/app/extensions/node_modules/typescript/lib/tsserver.js:77059:33
    at Object.forEach (/usr/share/code/resources/app/extensions/node_modules/typescript/lib/tsserver.js:1430:30)
    at Object.getFixes (/usr/share/code/resources/app/extensions/node_modules/typescript/lib/tsserver.js:77058:16)
    at /usr/share/code/resources/app/extensions/node_modules/typescript/lib/tsserver.js:83206:35
    at Object.flatMap (/usr/share/code/resources/app/extensions/node_modules/typescript/lib/tsserver.js:1697:25)
    at Object.getCodeFixesAtPosition (/usr/share/code/resources/app/extensions/node_modules/typescript/lib/tsserver.js:83204:23)
    at IOSession.Session.getCodeFixes (/usr/share/code/resources/app/extensions/node_modules/typescript/lib/tsserver.js:90228:64)
    at Session.handlers.ts.createMapFromTemplate._a.(anonymous function) (/usr/share/code/resources/app/extensions/node_modules/typescript/lib/tsserver.js:89132:61)
    at /usr/share/code/resources/app/extensions/node_modules/typescript/lib/tsserver.js:90393:88
    at IOSession.Session.executeWithRequestId (/usr/share/code/resources/app/extensions/node_modules/typescript/lib/tsserver.js:90384:28)
    at IOSession.Session.executeCommand (/usr/share/code/resources/app/extensions/node_modules/typescript/lib/tsserver.js:90393:33)
    at IOSession.Session.onMessage (/usr/share/code/resources/app/extensions/node_modules/typescript/lib/tsserver.js:90413:35)
    at Interface.<anonymous> (/usr/share/code/resources/app/extensions/node_modules/typescript/lib/tsserver.js:91614:27)
    at emitOne (events.js:96:13)
    at Interface.emit (events.js:191:7)
    at Interface._onLine (readline.js:241:10)
    at Interface._normalWrite (readline.js:384:12)
    at Socket.ondata (readline.js:101:10)
    at emitOne (events.js:96:13)
    at Socket.emit (events.js:191:7)
    at readableAddChunk (_stream_readable.js:178:18)
    at Socket.Readable.push (_stream_readable.js:136:10)
    at Pipe.onread (net.js:560:20)
[Error  - 02:47:57] 'getCodeFixes' request failed with error.
Error processing request. Debug Failure. Invalid cast. The supplied value did not pass the test 'isIdentifier'.
Error: Debug Failure. Invalid cast. The supplied value did not pass the test 'isIdentifier'.
    at Object.cast (/usr/share/code/resources/app/extensions/node_modules/typescript/lib/tsserver.js:2442:15)
    at convertToImportCodeFixContext (/usr/share/code/resources/app/extensions/node_modules/typescript/lib/tsserver.js:78183:34)
    at Object.getImportCodeActions [as getCodeActions] (/usr/share/code/resources/app/extensions/node_modules/typescript/lib/tsserver.js:78587:36)
    at /usr/share/code/resources/app/extensions/node_modules/typescript/lib/tsserver.js:77059:33
    at Object.forEach (/usr/share/code/resources/app/extensions/node_modules/typescript/lib/tsserver.js:1430:30)
    at Object.getFixes (/usr/share/code/resources/app/extensions/node_modules/typescript/lib/tsserver.js:77058:16)
    at /usr/share/code/resources/app/extensions/node_modules/typescript/lib/tsserver.js:83206:35
    at Object.flatMap (/usr/share/code/resources/app/extensions/node_modules/typescript/lib/tsserver.js:1697:25)
    at Object.getCodeFixesAtPosition (/usr/share/code/resources/app/extensions/node_modules/typescript/lib/tsserver.js:83204:23)
    at IOSession.Session.getCodeFixes (/usr/share/code/resources/app/extensions/node_modules/typescript/lib/tsserver.js:90228:64)
    at Session.handlers.ts.createMapFromTemplate._a.(anonymous function) (/usr/share/code/resources/app/extensions/node_modules/typescript/lib/tsserver.js:89132:61)
    at /usr/share/code/resources/app/extensions/node_modules/typescript/lib/tsserver.js:90393:88
    at IOSession.Session.executeWithRequestId (/usr/share/code/resources/app/extensions/node_modules/typescript/lib/tsserver.js:90384:28)
    at IOSession.Session.executeCommand (/usr/share/code/resources/app/extensions/node_modules/typescript/lib/tsserver.js:90393:33)
    at IOSession.Session.onMessage (/usr/share/code/resources/app/extensions/node_modules/typescript/lib/tsserver.js:90413:35)
    at Interface.<anonymous> (/usr/share/code/resources/app/extensions/node_modules/typescript/lib/tsserver.js:91614:27)
    at emitOne (events.js:96:13)
    at Interface.emit (events.js:191:7)
    at Interface._onLine (readline.js:241:10)
    at Interface._normalWrite (readline.js:384:12)
    at Socket.ondata (readline.js:101:10)
    at emitOne (events.js:96:13)
    at Socket.emit (events.js:191:7)
    at readableAddChunk (_stream_readable.js:178:18)
    at Socket.Readable.push (_stream_readable.js:136:10)
    at Pipe.onread (net.js:560:20)
[Error  - 02:47:57] 'getCodeFixes' request failed with error.
Error processing request. Debug Failure. Invalid cast. The supplied value did not pass the test 'isIdentifier'.
Error: Debug Failure. Invalid cast. The supplied value did not pass the test 'isIdentifier'.
    at Object.cast (/usr/share/code/resources/app/extensions/node_modules/typescript/lib/tsserver.js:2442:15)
    at convertToImportCodeFixContext (/usr/share/code/resources/app/extensions/node_modules/typescript/lib/tsserver.js:78183:34)
    at Object.getImportCodeActions [as getCodeActions] (/usr/share/code/resources/app/extensions/node_modules/typescript/lib/tsserver.js:78587:36)
    at /usr/share/code/resources/app/extensions/node_modules/typescript/lib/tsserver.js:77059:33
    at Object.forEach (/usr/share/code/resources/app/extensions/node_modules/typescript/lib/tsserver.js:1430:30)
    at Object.getFixes (/usr/share/code/resources/app/extensions/node_modules/typescript/lib/tsserver.js:77058:16)
    at /usr/share/code/resources/app/extensions/node_modules/typescript/lib/tsserver.js:83206:35
    at Object.flatMap (/usr/share/code/resources/app/extensions/node_modules/typescript/lib/tsserver.js:1697:25)
    at Object.getCodeFixesAtPosition (/usr/share/code/resources/app/extensions/node_modules/typescript/lib/tsserver.js:83204:23)
    at IOSession.Session.getCodeFixes (/usr/share/code/resources/app/extensions/node_modules/typescript/lib/tsserver.js:90228:64)
    at Session.handlers.ts.createMapFromTemplate._a.(anonymous function) (/usr/share/code/resources/app/extensions/node_modules/typescript/lib/tsserver.js:89132:61)
    at /usr/share/code/resources/app/extensions/node_modules/typescript/lib/tsserver.js:90393:88
    at IOSession.Session.executeWithRequestId (/usr/share/code/resources/app/extensions/node_modules/typescript/lib/tsserver.js:90384:28)
    at IOSession.Session.executeCommand (/usr/share/code/resources/app/extensions/node_modules/typescript/lib/tsserver.js:90393:33)
    at IOSession.Session.onMessage (/usr/share/code/resources/app/extensions/node_modules/typescript/lib/tsserver.js:90413:35)
    at Interface.<anonymous> (/usr/share/code/resources/app/extensions/node_modules/typescript/lib/tsserver.js:91614:27)
    at emitOne (events.js:96:13)
    at Interface.emit (events.js:191:7)
    at Interface._onLine (readline.js:241:10)
    at Interface._normalWrite (readline.js:384:12)
    at Socket.ondata (readline.js:101:10)
    at emitOne (events.js:96:13)
    at Socket.emit (events.js:191:7)
    at readableAddChunk (_stream_readable.js:178:18)
    at Socket.Readable.push (_stream_readable.js:136:10)
    at Pipe.onread (net.js:560:20)
[Error  - 09:04:20] 'getCodeFixes' request failed with error.
Error processing request. Debug Failure. Invalid cast. The supplied value did not pass the test 'isIdentifier'.
Error: Debug Failure. Invalid cast. The supplied value did not pass the test 'isIdentifier'.
    at Object.cast (/usr/share/code/resources/app/extensions/node_modules/typescript/lib/tsserver.js:2442:15)
    at convertToImportCodeFixContext (/usr/share/code/resources/app/extensions/node_modules/typescript/lib/tsserver.js:78183:34)
    at Object.getImportCodeActions [as getCodeActions] (/usr/share/code/resources/app/extensions/node_modules/typescript/lib/tsserver.js:78587:36)
    at /usr/share/code/resources/app/extensions/node_modules/typescript/lib/tsserver.js:77059:33
    at Object.forEach (/usr/share/code/resources/app/extensions/node_modules/typescript/lib/tsserver.js:1430:30)
    at Object.getFixes (/usr/share/code/resources/app/extensions/node_modules/typescript/lib/tsserver.js:77058:16)
    at /usr/share/code/resources/app/extensions/node_modules/typescript/lib/tsserver.js:83206:35
    at Object.flatMap (/usr/share/code/resources/app/extensions/node_modules/typescript/lib/tsserver.js:1697:25)
    at Object.getCodeFixesAtPosition (/usr/share/code/resources/app/extensions/node_modules/typescript/lib/tsserver.js:83204:23)
    at IOSession.Session.getCodeFixes (/usr/share/code/resources/app/extensions/node_modules/typescript/lib/tsserver.js:90228:64)
    at Session.handlers.ts.createMapFromTemplate._a.(anonymous function) (/usr/share/code/resources/app/extensions/node_modules/typescript/lib/tsserver.js:89132:61)
    at /usr/share/code/resources/app/extensions/node_modules/typescript/lib/tsserver.js:90393:88
    at IOSession.Session.executeWithRequestId (/usr/share/code/resources/app/extensions/node_modules/typescript/lib/tsserver.js:90384:28)
    at IOSession.Session.executeCommand (/usr/share/code/resources/app/extensions/node_modules/typescript/lib/tsserver.js:90393:33)
    at IOSession.Session.onMessage (/usr/share/code/resources/app/extensions/node_modules/typescript/lib/tsserver.js:90413:35)
    at Interface.<anonymous> (/usr/share/code/resources/app/extensions/node_modules/typescript/lib/tsserver.js:91614:27)
    at emitOne (events.js:96:13)
    at Interface.emit (events.js:191:7)
    at Interface._onLine (readline.js:241:10)
    at Interface._normalWrite (readline.js:384:12)
    at Socket.ondata (readline.js:101:10)
    at emitOne (events.js:96:13)
    at Socket.emit (events.js:191:7)
    at readableAddChunk (_stream_readable.js:178:18)
    at Socket.Readable.push (_stream_readable.js:136:10)
    at Pipe.onread (net.js:560:20)
[Error  - 10:55:21] 'getCodeFixes' request failed with error.
Error processing request. Debug Failure. Invalid cast. The supplied value did not pass the test 'isIdentifier'.
Error: Debug Failure. Invalid cast. The supplied value did not pass the test 'isIdentifier'.
    at Object.cast (/usr/share/code/resources/app/extensions/node_modules/typescript/lib/tsserver.js:2442:15)
    at convertToImportCodeFixContext (/usr/share/code/resources/app/extensions/node_modules/typescript/lib/tsserver.js:78183:34)
    at Object.getImportCodeActions [as getCodeActions] (/usr/share/code/resources/app/extensions/node_modules/typescript/lib/tsserver.js:78587:36)
    at /usr/share/code/resources/app/extensions/node_modules/typescript/lib/tsserver.js:77059:33
    at Object.forEach (/usr/share/code/resources/app/extensions/node_modules/typescript/lib/tsserver.js:1430:30)
    at Object.getFixes (/usr/share/code/resources/app/extensions/node_modules/typescript/lib/tsserver.js:77058:16)
    at /usr/share/code/resources/app/extensions/node_modules/typescript/lib/tsserver.js:83206:35
    at Object.flatMap (/usr/share/code/resources/app/extensions/node_modules/typescript/lib/tsserver.js:1697:25)
    at Object.getCodeFixesAtPosition (/usr/share/code/resources/app/extensions/node_modules/typescript/lib/tsserver.js:83204:23)
    at IOSession.Session.getCodeFixes (/usr/share/code/resources/app/extensions/node_modules/typescript/lib/tsserver.js:90228:64)
    at Session.handlers.ts.createMapFromTemplate._a.(anonymous function) (/usr/share/code/resources/app/extensions/node_modules/typescript/lib/tsserver.js:89132:61)
    at /usr/share/code/resources/app/extensions/node_modules/typescript/lib/tsserver.js:90393:88
    at IOSession.Session.executeWithRequestId (/usr/share/code/resources/app/extensions/node_modules/typescript/lib/tsserver.js:90384:28)
    at IOSession.Session.executeCommand (/usr/share/code/resources/app/extensions/node_modules/typescript/lib/tsserver.js:90393:33)
    at IOSession.Session.onMessage (/usr/share/code/resources/app/extensions/node_modules/typescript/lib/tsserver.js:90413:35)
    at Interface.<anonymous> (/usr/share/code/resources/app/extensions/node_modules/typescript/lib/tsserver.js:91614:27)
    at emitOne (events.js:96:13)
    at Interface.emit (events.js:191:7)
    at Interface._onLine (readline.js:241:10)
    at Interface._normalWrite (readline.js:384:12)
    at Socket.ondata (readline.js:101:10)
    at emitOne (events.js:96:13)
    at Socket.emit (events.js:191:7)
    at readableAddChunk (_stream_readable.js:178:18)
    at Socket.Readable.push (_stream_readable.js:136:10)
    at Pipe.onread (net.js:560:20)
[Error  - 10:55:59] 'getCodeFixes' request failed with error.
Error processing request. Debug Failure. Invalid cast. The supplied value did not pass the test 'isIdentifier'.
Error: Debug Failure. Invalid cast. The supplied value did not pass the test 'isIdentifier'.
    at Object.cast (/usr/share/code/resources/app/extensions/node_modules/typescript/lib/tsserver.js:2442:15)
    at convertToImportCodeFixContext (/usr/share/code/resources/app/extensions/node_modules/typescript/lib/tsserver.js:78183:34)
    at Object.getImportCodeActions [as getCodeActions] (/usr/share/code/resources/app/extensions/node_modules/typescript/lib/tsserver.js:78587:36)
    at /usr/share/code/resources/app/extensions/node_modules/typescript/lib/tsserver.js:77059:33
    at Object.forEach (/usr/share/code/resources/app/extensions/node_modules/typescript/lib/tsserver.js:1430:30)
    at Object.getFixes (/usr/share/code/resources/app/extensions/node_modules/typescript/lib/tsserver.js:77058:16)
    at /usr/share/code/resources/app/extensions/node_modules/typescript/lib/tsserver.js:83206:35
    at Object.flatMap (/usr/share/code/resources/app/extensions/node_modules/typescript/lib/tsserver.js:1697:25)
    at Object.getCodeFixesAtPosition (/usr/share/code/resources/app/extensions/node_modules/typescript/lib/tsserver.js:83204:23)
    at IOSession.Session.getCodeFixes (/usr/share/code/resources/app/extensions/node_modules/typescript/lib/tsserver.js:90228:64)
    at Session.handlers.ts.createMapFromTemplate._a.(anonymous function) (/usr/share/code/resources/app/extensions/node_modules/typescript/lib/tsserver.js:89132:61)
    at /usr/share/code/resources/app/extensions/node_modules/typescript/lib/tsserver.js:90393:88
    at IOSession.Session.executeWithRequestId (/usr/share/code/resources/app/extensions/node_modules/typescript/lib/tsserver.js:90384:28)
    at IOSession.Session.executeCommand (/usr/share/code/resources/app/extensions/node_modules/typescript/lib/tsserver.js:90393:33)
    at IOSession.Session.onMessage (/usr/share/code/resources/app/extensions/node_modules/typescript/lib/tsserver.js:90413:35)
    at Interface.<anonymous> (/usr/share/code/resources/app/extensions/node_modules/typescript/lib/tsserver.js:91614:27)
    at emitOne (events.js:96:13)
    at Interface.emit (events.js:191:7)
    at Interface._onLine (readline.js:241:10)
    at Interface._normalWrite (readline.js:384:12)
    at Socket.ondata (readline.js:101:10)
    at emitOne (events.js:96:13)
    at Socket.emit (events.js:191:7)
    at readableAddChunk (_stream_readable.js:178:18)
    at Socket.Readable.push (_stream_readable.js:136:10)
    at Pipe.onread (net.js:560:20)
[Error  - 11:29:29] 'getCodeFixes' request failed with error.
Error processing request. Debug Failure. Invalid cast. The supplied value did not pass the test 'isIdentifier'.
Error: Debug Failure. Invalid cast. The supplied value did not pass the test 'isIdentifier'.
    at Object.cast (/usr/share/code/resources/app/extensions/node_modules/typescript/lib/tsserver.js:2442:15)
    at convertToImportCodeFixContext (/usr/share/code/resources/app/extensions/node_modules/typescript/lib/tsserver.js:78183:34)
    at Object.getImportCodeActions [as getCodeActions] (/usr/share/code/resources/app/extensions/node_modules/typescript/lib/tsserver.js:78587:36)
    at /usr/share/code/resources/app/extensions/node_modules/typescript/lib/tsserver.js:77059:33
    at Object.forEach (/usr/share/code/resources/app/extensions/node_modules/typescript/lib/tsserver.js:1430:30)
    at Object.getFixes (/usr/share/code/resources/app/extensions/node_modules/typescript/lib/tsserver.js:77058:16)
    at /usr/share/code/resources/app/extensions/node_modules/typescript/lib/tsserver.js:83206:35
    at Object.flatMap (/usr/share/code/resources/app/extensions/node_modules/typescript/lib/tsserver.js:1697:25)
    at Object.getCodeFixesAtPosition (/usr/share/code/resources/app/extensions/node_modules/typescript/lib/tsserver.js:83204:23)
    at IOSession.Session.getCodeFixes (/usr/share/code/resources/app/extensions/node_modules/typescript/lib/tsserver.js:90228:64)
    at Session.handlers.ts.createMapFromTemplate._a.(anonymous function) (/usr/share/code/resources/app/extensions/node_modules/typescript/lib/tsserver.js:89132:61)
    at /usr/share/code/resources/app/extensions/node_modules/typescript/lib/tsserver.js:90393:88
    at IOSession.Session.executeWithRequestId (/usr/share/code/resources/app/extensions/node_modules/typescript/lib/tsserver.js:90384:28)
    at IOSession.Session.executeCommand (/usr/share/code/resources/app/extensions/node_modules/typescript/lib/tsserver.js:90393:33)
    at IOSession.Session.onMessage (/usr/share/code/resources/app/extensions/node_modules/typescript/lib/tsserver.js:90413:35)
    at Interface.<anonymous> (/usr/share/code/resources/app/extensions/node_modules/typescript/lib/tsserver.js:91614:27)
    at emitOne (events.js:96:13)
    at Interface.emit (events.js:191:7)
    at Interface._onLine (readline.js:241:10)
    at Interface._normalWrite (readline.js:384:12)
    at Socket.ondata (readline.js:101:10)
    at emitOne (events.js:96:13)
    at Socket.emit (events.js:191:7)
    at readableAddChunk (_stream_readable.js:178:18)
    at Socket.Readable.push (_stream_readable.js:136:10)
    at Pipe.onread (net.js:560:20)
[Error  - 11:29:29] 'getCodeFixes' request failed with error.
Error processing request. Debug Failure. Invalid cast. The supplied value did not pass the test 'isIdentifier'.
Error: Debug Failure. Invalid cast. The supplied value did not pass the test 'isIdentifier'.
    at Object.cast (/usr/share/code/resources/app/extensions/node_modules/typescript/lib/tsserver.js:2442:15)
    at convertToImportCodeFixContext (/usr/share/code/resources/app/extensions/node_modules/typescript/lib/tsserver.js:78183:34)
    at Object.getImportCodeActions [as getCodeActions] (/usr/share/code/resources/app/extensions/node_modules/typescript/lib/tsserver.js:78587:36)
    at /usr/share/code/resources/app/extensions/node_modules/typescript/lib/tsserver.js:77059:33
    at Object.forEach (/usr/share/code/resources/app/extensions/node_modules/typescript/lib/tsserver.js:1430:30)
    at Object.getFixes (/usr/share/code/resources/app/extensions/node_modules/typescript/lib/tsserver.js:77058:16)
    at /usr/share/code/resources/app/extensions/node_modules/typescript/lib/tsserver.js:83206:35
    at Object.flatMap (/usr/share/code/resources/app/extensions/node_modules/typescript/lib/tsserver.js:1697:25)
    at Object.getCodeFixesAtPosition (/usr/share/code/resources/app/extensions/node_modules/typescript/lib/tsserver.js:83204:23)
    at IOSession.Session.getCodeFixes (/usr/share/code/resources/app/extensions/node_modules/typescript/lib/tsserver.js:90228:64)
    at Session.handlers.ts.createMapFromTemplate._a.(anonymous function) (/usr/share/code/resources/app/extensions/node_modules/typescript/lib/tsserver.js:89132:61)
    at /usr/share/code/resources/app/extensions/node_modules/typescript/lib/tsserver.js:90393:88
    at IOSession.Session.executeWithRequestId (/usr/share/code/resources/app/extensions/node_modules/typescript/lib/tsserver.js:90384:28)
    at IOSession.Session.executeCommand (/usr/share/code/resources/app/extensions/node_modules/typescript/lib/tsserver.js:90393:33)
    at IOSession.Session.onMessage (/usr/share/code/resources/app/extensions/node_modules/typescript/lib/tsserver.js:90413:35)
    at Interface.<anonymous> (/usr/share/code/resources/app/extensions/node_modules/typescript/lib/tsserver.js:91614:27)
    at emitOne (events.js:96:13)
    at Interface.emit (events.js:191:7)
    at Interface._onLine (readline.js:241:10)
    at Interface._normalWrite (readline.js:384:12)
    at Socket.ondata (readline.js:101:10)
    at emitOne (events.js:96:13)
    at Socket.emit (events.js:191:7)
    at readableAddChunk (_stream_readable.js:178:18)
    at Socket.Readable.push (_stream_readable.js:136:10)
    at Pipe.onread (net.js:560:20)
[Error  - 11:30:21] 'getCodeFixes' request failed with error.
Error processing request. Debug Failure. Invalid cast. The supplied value did not pass the test 'isIdentifier'.
Error: Debug Failure. Invalid cast. The supplied value did not pass the test 'isIdentifier'.
    at Object.cast (/usr/share/code/resources/app/extensions/node_modules/typescript/lib/tsserver.js:2442:15)
    at convertToImportCodeFixContext (/usr/share/code/resources/app/extensions/node_modules/typescript/lib/tsserver.js:78183:34)
    at Object.getImportCodeActions [as getCodeActions] (/usr/share/code/resources/app/extensions/node_modules/typescript/lib/tsserver.js:78587:36)
    at /usr/share/code/resources/app/extensions/node_modules/typescript/lib/tsserver.js:77059:33
    at Object.forEach (/usr/share/code/resources/app/extensions/node_modules/typescript/lib/tsserver.js:1430:30)
    at Object.getFixes (/usr/share/code/resources/app/extensions/node_modules/typescript/lib/tsserver.js:77058:16)
    at /usr/share/code/resources/app/extensions/node_modules/typescript/lib/tsserver.js:83206:35
    at Object.flatMap (/usr/share/code/resources/app/extensions/node_modules/typescript/lib/tsserver.js:1697:25)
    at Object.getCodeFixesAtPosition (/usr/share/code/resources/app/extensions/node_modules/typescript/lib/tsserver.js:83204:23)
    at IOSession.Session.getCodeFixes (/usr/share/code/resources/app/extensions/node_modules/typescript/lib/tsserver.js:90228:64)
    at Session.handlers.ts.createMapFromTemplate._a.(anonymous function) (/usr/share/code/resources/app/extensions/node_modules/typescript/lib/tsserver.js:89132:61)
    at /usr/share/code/resources/app/extensions/node_modules/typescript/lib/tsserver.js:90393:88
    at IOSession.Session.executeWithRequestId (/usr/share/code/resources/app/extensions/node_modules/typescript/lib/tsserver.js:90384:28)
    at IOSession.Session.executeCommand (/usr/share/code/resources/app/extensions/node_modules/typescript/lib/tsserver.js:90393:33)
    at IOSession.Session.onMessage (/usr/share/code/resources/app/extensions/node_modules/typescript/lib/tsserver.js:90413:35)
    at Interface.<anonymous> (/usr/share/code/resources/app/extensions/node_modules/typescript/lib/tsserver.js:91614:27)
    at emitOne (events.js:96:13)
    at Interface.emit (events.js:191:7)
    at Interface._onLine (readline.js:241:10)
    at Interface._normalWrite (readline.js:384:12)
    at Socket.ondata (readline.js:101:10)
    at emitOne (events.js:96:13)
    at Socket.emit (events.js:191:7)
    at readableAddChunk (_stream_readable.js:178:18)
    at Socket.Readable.push (_stream_readable.js:136:10)
    at Pipe.onread (net.js:560:20)
[Error  - 11:30:21] 'getCodeFixes' request failed with error.
Error processing request. Debug Failure. Invalid cast. The supplied value did not pass the test 'isIdentifier'.
Error: Debug Failure. Invalid cast. The supplied value did not pass the test 'isIdentifier'.
    at Object.cast (/usr/share/code/resources/app/extensions/node_modules/typescript/lib/tsserver.js:2442:15)
    at convertToImportCodeFixContext (/usr/share/code/resources/app/extensions/node_modules/typescript/lib/tsserver.js:78183:34)
    at Object.getImportCodeActions [as getCodeActions] (/usr/share/code/resources/app/extensions/node_modules/typescript/lib/tsserver.js:78587:36)
    at /usr/share/code/resources/app/extensions/node_modules/typescript/lib/tsserver.js:77059:33
    at Object.forEach (/usr/share/code/resources/app/extensions/node_modules/typescript/lib/tsserver.js:1430:30)
    at Object.getFixes (/usr/share/code/resources/app/extensions/node_modules/typescript/lib/tsserver.js:77058:16)
    at /usr/share/code/resources/app/extensions/node_modules/typescript/lib/tsserver.js:83206:35
    at Object.flatMap (/usr/share/code/resources/app/extensions/node_modules/typescript/lib/tsserver.js:1697:25)
    at Object.getCodeFixesAtPosition (/usr/share/code/resources/app/extensions/node_modules/typescript/lib/tsserver.js:83204:23)
    at IOSession.Session.getCodeFixes (/usr/share/code/resources/app/extensions/node_modules/typescript/lib/tsserver.js:90228:64)
    at Session.handlers.ts.createMapFromTemplate._a.(anonymous function) (/usr/share/code/resources/app/extensions/node_modules/typescript/lib/tsserver.js:89132:61)
    at /usr/share/code/resources/app/extensions/node_modules/typescript/lib/tsserver.js:90393:88
    at IOSession.Session.executeWithRequestId (/usr/share/code/resources/app/extensions/node_modules/typescript/lib/tsserver.js:90384:28)
    at IOSession.Session.executeCommand (/usr/share/code/resources/app/extensions/node_modules/typescript/lib/tsserver.js:90393:33)
    at IOSession.Session.onMessage (/usr/share/code/resources/app/extensions/node_modules/typescript/lib/tsserver.js:90413:35)
    at Interface.<anonymous> (/usr/share/code/resources/app/extensions/node_modules/typescript/lib/tsserver.js:91614:27)
    at emitOne (events.js:96:13)
    at Interface.emit (events.js:191:7)
    at Interface._onLine (readline.js:241:10)
    at Interface._normalWrite (readline.js:384:12)
    at Socket.ondata (readline.js:101:10)
    at emitOne (events.js:96:13)
    at Socket.emit (events.js:191:7)
    at readableAddChunk (_stream_readable.js:178:18)
    at Socket.Readable.push (_stream_readable.js:136:10)
    at Pipe.onread (net.js:560:20)
[Error  - 12:41:59] 'getCodeFixes' request failed with error.
Error processing request. Debug Failure. Invalid cast. The supplied value did not pass the test 'isIdentifier'.
Error: Debug Failure. Invalid cast. The supplied value did not pass the test 'isIdentifier'.
    at Object.cast (/usr/share/code/resources/app/extensions/node_modules/typescript/lib/tsserver.js:2442:15)
    at convertToImportCodeFixContext (/usr/share/code/resources/app/extensions/node_modules/typescript/lib/tsserver.js:78183:34)
    at Object.getImportCodeActions [as getCodeActions] (/usr/share/code/resources/app/extensions/node_modules/typescript/lib/tsserver.js:78587:36)
    at /usr/share/code/resources/app/extensions/node_modules/typescript/lib/tsserver.js:77059:33
    at Object.forEach (/usr/share/code/resources/app/extensions/node_modules/typescript/lib/tsserver.js:1430:30)
    at Object.getFixes (/usr/share/code/resources/app/extensions/node_modules/typescript/lib/tsserver.js:77058:16)
    at /usr/share/code/resources/app/extensions/node_modules/typescript/lib/tsserver.js:83206:35
    at Object.flatMap (/usr/share/code/resources/app/extensions/node_modules/typescript/lib/tsserver.js:1697:25)
    at Object.getCodeFixesAtPosition (/usr/share/code/resources/app/extensions/node_modules/typescript/lib/tsserver.js:83204:23)
    at IOSession.Session.getCodeFixes (/usr/share/code/resources/app/extensions/node_modules/typescript/lib/tsserver.js:90228:64)
    at Session.handlers.ts.createMapFromTemplate._a.(anonymous function) (/usr/share/code/resources/app/extensions/node_modules/typescript/lib/tsserver.js:89132:61)
    at /usr/share/code/resources/app/extensions/node_modules/typescript/lib/tsserver.js:90393:88
    at IOSession.Session.executeWithRequestId (/usr/share/code/resources/app/extensions/node_modules/typescript/lib/tsserver.js:90384:28)
    at IOSession.Session.executeCommand (/usr/share/code/resources/app/extensions/node_modules/typescript/lib/tsserver.js:90393:33)
    at IOSession.Session.onMessage (/usr/share/code/resources/app/extensions/node_modules/typescript/lib/tsserver.js:90413:35)
    at Interface.<anonymous> (/usr/share/code/resources/app/extensions/node_modules/typescript/lib/tsserver.js:91614:27)
    at emitOne (events.js:96:13)
    at Interface.emit (events.js:191:7)
    at Interface._onLine (readline.js:241:10)
    at Interface._normalWrite (readline.js:384:12)
    at Socket.ondata (readline.js:101:10)
    at emitOne (events.js:96:13)
    at Socket.emit (events.js:191:7)
    at readableAddChunk (_stream_readable.js:178:18)
    at Socket.Readable.push (_stream_readable.js:136:10)
    at Pipe.onread (net.js:560:20)
[Error  - 12:41:59] 'getCodeFixes' request failed with error.
Error processing request. Debug Failure. Invalid cast. The supplied value did not pass the test 'isIdentifier'.
Error: Debug Failure. Invalid cast. The supplied value did not pass the test 'isIdentifier'.
    at Object.cast (/usr/share/code/resources/app/extensions/node_modules/typescript/lib/tsserver.js:2442:15)
    at convertToImportCodeFixContext (/usr/share/code/resources/app/extensions/node_modules/typescript/lib/tsserver.js:78183:34)
    at Object.getImportCodeActions [as getCodeActions] (/usr/share/code/resources/app/extensions/node_modules/typescript/lib/tsserver.js:78587:36)
    at /usr/share/code/resources/app/extensions/node_modules/typescript/lib/tsserver.js:77059:33
    at Object.forEach (/usr/share/code/resources/app/extensions/node_modules/typescript/lib/tsserver.js:1430:30)
    at Object.getFixes (/usr/share/code/resources/app/extensions/node_modules/typescript/lib/tsserver.js:77058:16)
    at /usr/share/code/resources/app/extensions/node_modules/typescript/lib/tsserver.js:83206:35
    at Object.flatMap (/usr/share/code/resources/app/extensions/node_modules/typescript/lib/tsserver.js:1697:25)
    at Object.getCodeFixesAtPosition (/usr/share/code/resources/app/extensions/node_modules/typescript/lib/tsserver.js:83204:23)
    at IOSession.Session.getCodeFixes (/usr/share/code/resources/app/extensions/node_modules/typescript/lib/tsserver.js:90228:64)
    at Session.handlers.ts.createMapFromTemplate._a.(anonymous function) (/usr/share/code/resources/app/extensions/node_modules/typescript/lib/tsserver.js:89132:61)
    at /usr/share/code/resources/app/extensions/node_modules/typescript/lib/tsserver.js:90393:88
    at IOSession.Session.executeWithRequestId (/usr/share/code/resources/app/extensions/node_modules/typescript/lib/tsserver.js:90384:28)
    at IOSession.Session.executeCommand (/usr/share/code/resources/app/extensions/node_modules/typescript/lib/tsserver.js:90393:33)
    at IOSession.Session.onMessage (/usr/share/code/resources/app/extensions/node_modules/typescript/lib/tsserver.js:90413:35)
    at Interface.<anonymous> (/usr/share/code/resources/app/extensions/node_modules/typescript/lib/tsserver.js:91614:27)
    at emitOne (events.js:96:13)
    at Interface.emit (events.js:191:7)
    at Interface._onLine (readline.js:241:10)
    at Interface._normalWrite (readline.js:384:12)
    at Socket.ondata (readline.js:101:10)
    at emitOne (events.js:96:13)
    at Socket.emit (events.js:191:7)
    at readableAddChunk (_stream_readable.js:178:18)
    at Socket.Readable.push (_stream_readable.js:136:10)
    at Pipe.onread (net.js:560:20)
[Error  - 12:43:08] 'getCodeFixes' request failed with error.
Error processing request. Debug Failure. Invalid cast. The supplied value did not pass the test 'isIdentifier'.
Error: Debug Failure. Invalid cast. The supplied value did not pass the test 'isIdentifier'.
    at Object.cast (/usr/share/code/resources/app/extensions/node_modules/typescript/lib/tsserver.js:2442:15)
    at convertToImportCodeFixContext (/usr/share/code/resources/app/extensions/node_modules/typescript/lib/tsserver.js:78183:34)
    at Object.getImportCodeActions [as getCodeActions] (/usr/share/code/resources/app/extensions/node_modules/typescript/lib/tsserver.js:78587:36)
    at /usr/share/code/resources/app/extensions/node_modules/typescript/lib/tsserver.js:77059:33
    at Object.forEach (/usr/share/code/resources/app/extensions/node_modules/typescript/lib/tsserver.js:1430:30)
    at Object.getFixes (/usr/share/code/resources/app/extensions/node_modules/typescript/lib/tsserver.js:77058:16)
    at /usr/share/code/resources/app/extensions/node_modules/typescript/lib/tsserver.js:83206:35
    at Object.flatMap (/usr/share/code/resources/app/extensions/node_modules/typescript/lib/tsserver.js:1697:25)
    at Object.getCodeFixesAtPosition (/usr/share/code/resources/app/extensions/node_modules/typescript/lib/tsserver.js:83204:23)
    at IOSession.Session.getCodeFixes (/usr/share/code/resources/app/extensions/node_modules/typescript/lib/tsserver.js:90228:64)
    at Session.handlers.ts.createMapFromTemplate._a.(anonymous function) (/usr/share/code/resources/app/extensions/node_modules/typescript/lib/tsserver.js:89132:61)
    at /usr/share/code/resources/app/extensions/node_modules/typescript/lib/tsserver.js:90393:88
    at IOSession.Session.executeWithRequestId (/usr/share/code/resources/app/extensions/node_modules/typescript/lib/tsserver.js:90384:28)
    at IOSession.Session.executeCommand (/usr/share/code/resources/app/extensions/node_modules/typescript/lib/tsserver.js:90393:33)
    at IOSession.Session.onMessage (/usr/share/code/resources/app/extensions/node_modules/typescript/lib/tsserver.js:90413:35)
    at Interface.<anonymous> (/usr/share/code/resources/app/extensions/node_modules/typescript/lib/tsserver.js:91614:27)
    at emitOne (events.js:96:13)
    at Interface.emit (events.js:191:7)
    at Interface._onLine (readline.js:241:10)
    at Interface._normalWrite (readline.js:384:12)
    at Socket.ondata (readline.js:101:10)
    at emitOne (events.js:96:13)
    at Socket.emit (events.js:191:7)
    at readableAddChunk (_stream_readable.js:178:18)
    at Socket.Readable.push (_stream_readable.js:136:10)
    at Pipe.onread (net.js:560:20)
[Error  - 13:10:23] 'getCodeFixes' request failed with error.
Error processing request. Debug Failure. Invalid cast. The supplied value did not pass the test 'isIdentifier'.
Error: Debug Failure. Invalid cast. The supplied value did not pass the test 'isIdentifier'.
    at Object.cast (/usr/share/code/resources/app/extensions/node_modules/typescript/lib/tsserver.js:2442:15)
    at convertToImportCodeFixContext (/usr/share/code/resources/app/extensions/node_modules/typescript/lib/tsserver.js:78183:34)
    at Object.getImportCodeActions [as getCodeActions] (/usr/share/code/resources/app/extensions/node_modules/typescript/lib/tsserver.js:78587:36)
    at /usr/share/code/resources/app/extensions/node_modules/typescript/lib/tsserver.js:77059:33
    at Object.forEach (/usr/share/code/resources/app/extensions/node_modules/typescript/lib/tsserver.js:1430:30)
    at Object.getFixes (/usr/share/code/resources/app/extensions/node_modules/typescript/lib/tsserver.js:77058:16)
    at /usr/share/code/resources/app/extensions/node_modules/typescript/lib/tsserver.js:83206:35
    at Object.flatMap (/usr/share/code/resources/app/extensions/node_modules/typescript/lib/tsserver.js:1697:25)
    at Object.getCodeFixesAtPosition (/usr/share/code/resources/app/extensions/node_modules/typescript/lib/tsserver.js:83204:23)
    at IOSession.Session.getCodeFixes (/usr/share/code/resources/app/extensions/node_modules/typescript/lib/tsserver.js:90228:64)
    at Session.handlers.ts.createMapFromTemplate._a.(anonymous function) (/usr/share/code/resources/app/extensions/node_modules/typescript/lib/tsserver.js:89132:61)
    at /usr/share/code/resources/app/extensions/node_modules/typescript/lib/tsserver.js:90393:88
    at IOSession.Session.executeWithRequestId (/usr/share/code/resources/app/extensions/node_modules/typescript/lib/tsserver.js:90384:28)
    at IOSession.Session.executeCommand (/usr/share/code/resources/app/extensions/node_modules/typescript/lib/tsserver.js:90393:33)
    at IOSession.Session.onMessage (/usr/share/code/resources/app/extensions/node_modules/typescript/lib/tsserver.js:90413:35)
    at Interface.<anonymous> (/usr/share/code/resources/app/extensions/node_modules/typescript/lib/tsserver.js:91614:27)
    at emitOne (events.js:96:13)
    at Interface.emit (events.js:191:7)
    at Interface._onLine (readline.js:241:10)
    at Interface._normalWrite (readline.js:384:12)
    at Socket.ondata (readline.js:101:10)
    at emitOne (events.js:96:13)
    at Socket.emit (events.js:191:7)
    at readableAddChunk (_stream_readable.js:178:18)
    at Socket.Readable.push (_stream_readable.js:136:10)
    at Pipe.onread (net.js:560:20)
[Error  - 14:05:14] 'getCodeFixes' request failed with error.
Error processing request. Debug Failure. Invalid cast. The supplied value did not pass the test 'isIdentifier'.
Error: Debug Failure. Invalid cast. The supplied value did not pass the test 'isIdentifier'.
    at Object.cast (/usr/share/code/resources/app/extensions/node_modules/typescript/lib/tsserver.js:2442:15)
    at convertToImportCodeFixContext (/usr/share/code/resources/app/extensions/node_modules/typescript/lib/tsserver.js:78183:34)
    at Object.getImportCodeActions [as getCodeActions] (/usr/share/code/resources/app/extensions/node_modules/typescript/lib/tsserver.js:78587:36)
    at /usr/share/code/resources/app/extensions/node_modules/typescript/lib/tsserver.js:77059:33
    at Object.forEach (/usr/share/code/resources/app/extensions/node_modules/typescript/lib/tsserver.js:1430:30)
    at Object.getFixes (/usr/share/code/resources/app/extensions/node_modules/typescript/lib/tsserver.js:77058:16)
    at /usr/share/code/resources/app/extensions/node_modules/typescript/lib/tsserver.js:83206:35
    at Object.flatMap (/usr/share/code/resources/app/extensions/node_modules/typescript/lib/tsserver.js:1697:25)
    at Object.getCodeFixesAtPosition (/usr/share/code/resources/app/extensions/node_modules/typescript/lib/tsserver.js:83204:23)
    at IOSession.Session.getCodeFixes (/usr/share/code/resources/app/extensions/node_modules/typescript/lib/tsserver.js:90228:64)
    at Session.handlers.ts.createMapFromTemplate._a.(anonymous function) (/usr/share/code/resources/app/extensions/node_modules/typescript/lib/tsserver.js:89132:61)
    at /usr/share/code/resources/app/extensions/node_modules/typescript/lib/tsserver.js:90393:88
    at IOSession.Session.executeWithRequestId (/usr/share/code/resources/app/extensions/node_modules/typescript/lib/tsserver.js:90384:28)
    at IOSession.Session.executeCommand (/usr/share/code/resources/app/extensions/node_modules/typescript/lib/tsserver.js:90393:33)
    at IOSession.Session.onMessage (/usr/share/code/resources/app/extensions/node_modules/typescript/lib/tsserver.js:90413:35)
    at Interface.<anonymous> (/usr/share/code/resources/app/extensions/node_modules/typescript/lib/tsserver.js:91614:27)
    at emitOne (events.js:96:13)
    at Interface.emit (events.js:191:7)
    at Interface._onLine (readline.js:241:10)
    at Interface._normalWrite (readline.js:384:12)
    at Socket.ondata (readline.js:101:10)
    at emitOne (events.js:96:13)
    at Socket.emit (events.js:191:7)
    at readableAddChunk (_stream_readable.js:178:18)
    at Socket.Readable.push (_stream_readable.js:136:10)
    at Pipe.onread (net.js:560:20)
[Error  - 14:05:14] 'getCodeFixes' request failed with error.
Error processing request. Debug Failure. Invalid cast. The supplied value did not pass the test 'isIdentifier'.
Error: Debug Failure. Invalid cast. The supplied value did not pass the test 'isIdentifier'.
    at Object.cast (/usr/share/code/resources/app/extensions/node_modules/typescript/lib/tsserver.js:2442:15)
    at convertToImportCodeFixContext (/usr/share/code/resources/app/extensions/node_modules/typescript/lib/tsserver.js:78183:34)
    at Object.getImportCodeActions [as getCodeActions] (/usr/share/code/resources/app/extensions/node_modules/typescript/lib/tsserver.js:78587:36)
    at /usr/share/code/resources/app/extensions/node_modules/typescript/lib/tsserver.js:77059:33
    at Object.forEach (/usr/share/code/resources/app/extensions/node_modules/typescript/lib/tsserver.js:1430:30)
    at Object.getFixes (/usr/share/code/resources/app/extensions/node_modules/typescript/lib/tsserver.js:77058:16)
    at /usr/share/code/resources/app/extensions/node_modules/typescript/lib/tsserver.js:83206:35
    at Object.flatMap (/usr/share/code/resources/app/extensions/node_modules/typescript/lib/tsserver.js:1697:25)
    at Object.getCodeFixesAtPosition (/usr/share/code/resources/app/extensions/node_modules/typescript/lib/tsserver.js:83204:23)
    at IOSession.Session.getCodeFixes (/usr/share/code/resources/app/extensions/node_modules/typescript/lib/tsserver.js:90228:64)
    at Session.handlers.ts.createMapFromTemplate._a.(anonymous function) (/usr/share/code/resources/app/extensions/node_modules/typescript/lib/tsserver.js:89132:61)
    at /usr/share/code/resources/app/extensions/node_modules/typescript/lib/tsserver.js:90393:88
    at IOSession.Session.executeWithRequestId (/usr/share/code/resources/app/extensions/node_modules/typescript/lib/tsserver.js:90384:28)
    at IOSession.Session.executeCommand (/usr/share/code/resources/app/extensions/node_modules/typescript/lib/tsserver.js:90393:33)
    at IOSession.Session.onMessage (/usr/share/code/resources/app/extensions/node_modules/typescript/lib/tsserver.js:90413:35)
    at Interface.<anonymous> (/usr/share/code/resources/app/extensions/node_modules/typescript/lib/tsserver.js:91614:27)
    at emitOne (events.js:96:13)
    at Interface.emit (events.js:191:7)
    at Interface._onLine (readline.js:241:10)
    at Interface._normalWrite (readline.js:384:12)
    at Socket.ondata (readline.js:101:10)
    at emitOne (events.js:96:13)
    at Socket.emit (events.js:191:7)
    at readableAddChunk (_stream_readable.js:178:18)
    at Socket.Readable.push (_stream_readable.js:136:10)
    at Pipe.onread (net.js:560:20)
